2017-12-21 19:55:05 [main] DEBUG o.h.e.i.AbstractFlushingEventListener - Dirty checking collections
2017-12-21 19:55:05 [main] DEBUG o.h.e.i.AbstractFlushingEventListener - Flushed: 0 insertions, 0 updates, 1 deletions to 1 objects
2017-12-21 19:55:05 [main] DEBUG o.h.e.i.AbstractFlushingEventListener - Flushed: 0 (re)creations, 0 updates, 0 removals to 0 collections
2017-12-21 19:55:05 [main] DEBUG o.h.internal.util.EntityPrinter - Listing entities:
2017-12-21 19:55:05 [main] DEBUG o.h.internal.util.EntityPrinter - com.stackroute.activitystream.model.Circle{createdDate=2017-12-21 19:55:05.12, creatorId=John, circleName=Java}
2017-12-21 19:55:05 [main] DEBUG org.hibernate.SQL - delete from circle where circleName=?
2017-12-21 19:55:05 [main] DEBUG o.h.e.t.internal.TransactionImpl - rolling back
2017-12-21 19:55:05 [main] DEBUG o.h.e.j.internal.JdbcCoordinatorImpl - HHH000420: Closing un-released batch
2017-12-21 19:55:05 [main] DEBUG o.h.e.t.internal.TransactionImpl - begin
2017-12-21 19:55:05 [main] DEBUG org.hibernate.SQL - select user0_.username as username1_2_, user0_.name as name2_2_, user0_.password as password3_2_ from user user0_ where user0_.username=?
2017-12-21 19:55:05 [main] DEBUG org.hibernate.SQL - select circle0_.circleName as circleNa1_0_, circle0_.createdDate as createdD2_0_, circle0_.creatorId as creatorI3_0_ from circle circle0_ where circle0_.circleName=?
2017-12-21 19:55:05 [main] DEBUG o.h.e.i.AbstractSaveEventListener - Generated identifier: john, using strategy: org.hibernate.id.Assigned
2017-12-21 19:55:05 [main] DEBUG o.h.e.i.AbstractFlushingEventListener - Processing flush-time cascades
2017-12-21 19:55:05 [main] DEBUG o.h.e.i.AbstractFlushingEventListener - Dirty checking collections
2017-12-21 19:55:05 [main] DEBUG o.h.e.i.AbstractFlushingEventListener - Flushed: 1 insertions, 0 updates, 0 deletions to 1 objects
2017-12-21 19:55:05 [main] DEBUG o.h.e.i.AbstractFlushingEventListener - Flushed: 0 (re)creations, 0 updates, 0 removals to 0 collections
2017-12-21 19:55:05 [main] DEBUG o.h.internal.util.EntityPrinter - Listing entities:
2017-12-21 19:55:05 [main] DEBUG o.h.internal.util.EntityPrinter - com.stackroute.activitystream.model.User{password=password, name=John, username=john}
2017-12-21 19:55:05 [main] DEBUG org.hibernate.SQL - insert into user (name, password, username) values (?, ?, ?)
2017-12-21 19:55:05 [main] DEBUG o.h.e.i.AbstractFlushingEventListener - Processing flush-time cascades
2017-12-21 19:55:05 [main] DEBUG o.h.e.i.AbstractFlushingEventListener - Dirty checking collections
2017-12-21 19:55:05 [main] DEBUG o.h.e.i.AbstractFlushingEventListener - Flushed: 0 insertions, 0 updates, 0 deletions to 1 objects
2017-12-21 19:55:05 [main] DEBUG o.h.e.i.AbstractFlushingEventListener - Flushed: 0 (re)creations, 0 updates, 0 removals to 0 collections
2017-12-21 19:55:05 [main] DEBUG o.h.internal.util.EntityPrinter - Listing entities:
2017-12-21 19:55:05 [main] DEBUG o.h.internal.util.EntityPrinter - com.stackroute.activitystream.model.User{password=password, name=John, username=john}
2017-12-21 19:55:05 [main] DEBUG org.hibernate.SQL - select user0_.username as username1_2_, user0_.name as name2_2_, user0_.password as password3_2_ from user user0_ where user0_.username=?
2017-12-21 19:55:05 [main] DEBUG org.hibernate.loader.Loader - Result set row: 0
2017-12-21 19:55:05 [main] DEBUG org.hibernate.loader.Loader - Result row: EntityKey[com.stackroute.activitystream.model.User#john]
2017-12-21 19:55:05 [main] DEBUG o.h.e.i.AbstractFlushingEventListener - Processing flush-time cascades
2017-12-21 19:55:05 [main] DEBUG o.h.e.i.AbstractFlushingEventListener - Dirty checking collections
2017-12-21 19:55:05 [main] DEBUG o.h.e.i.AbstractFlushingEventListener - Flushed: 0 insertions, 0 updates, 0 deletions to 1 objects
2017-12-21 19:55:05 [main] DEBUG o.h.e.i.AbstractFlushingEventListener - Flushed: 0 (re)creations, 0 updates, 0 removals to 0 collections
2017-12-21 19:55:05 [main] DEBUG o.h.internal.util.EntityPrinter - Listing entities:
2017-12-21 19:55:05 [main] DEBUG o.h.internal.util.EntityPrinter - com.stackroute.activitystream.model.User{password=password, name=John, username=john}
2017-12-21 19:55:05 [main] DEBUG org.hibernate.SQL - select user0_.username as username1_2_, user0_.name as name2_2_, user0_.password as password3_2_ from user user0_ where user0_.username=?
2017-12-21 19:55:05 [main] DEBUG org.hibernate.loader.Loader - Result set row: 0
2017-12-21 19:55:05 [main] DEBUG org.hibernate.loader.Loader - Result row: EntityKey[com.stackroute.activitystream.model.User#john]
2017-12-21 19:55:05 [main] DEBUG o.h.e.i.AbstractSaveEventListener - Generated identifier: Java, using strategy: org.hibernate.id.Assigned
2017-12-21 19:55:05 [main] DEBUG o.h.e.i.AbstractFlushingEventListener - Processing flush-time cascades
2017-12-21 19:55:05 [main] DEBUG o.h.e.i.AbstractFlushingEventListener - Dirty checking collections
2017-12-21 19:55:05 [main] DEBUG o.h.e.i.AbstractFlushingEventListener - Flushed: 1 insertions, 0 updates, 0 deletions to 2 objects
2017-12-21 19:55:05 [main] DEBUG o.h.e.i.AbstractFlushingEventListener - Flushed: 0 (re)creations, 0 updates, 0 removals to 0 collections
2017-12-21 19:55:05 [main] DEBUG o.h.internal.util.EntityPrinter - Listing entities:
2017-12-21 19:55:05 [main] DEBUG o.h.internal.util.EntityPrinter - com.stackroute.activitystream.model.Circle{createdDate=2017-12-21 19:55:05.239, creatorId=John, circleName=Java}
2017-12-21 19:55:05 [main] DEBUG o.h.internal.util.EntityPrinter - com.stackroute.activitystream.model.User{password=password, name=John, username=john}
2017-12-21 19:55:05 [main] DEBUG org.hibernate.SQL - insert into circle (createdDate, creatorId, circleName) values (?, ?, ?)
2017-12-21 19:55:05 [main] DEBUG o.h.h.i.ast.QueryTranslatorImpl - parse() - HQL: from com.stackroute.activitystream.model.Circle
2017-12-21 19:55:05 [main] DEBUG o.h.h.i.ast.QueryTranslatorImpl - --- HQL AST ---
 \-[QUERY] Node: 'query'
    \-[SELECT_FROM] Node: 'SELECT_FROM'
       \-[FROM] Node: 'from'
          \-[RANGE] Node: 'RANGE'
             \-[DOT] Node: '.'
                +-[DOT] Node: '.'
                |  +-[DOT] Node: '.'
                |  |  +-[DOT] Node: '.'
                |  |  |  +-[IDENT] Node: 'com'
                |  |  |  \-[IDENT] Node: 'stackroute'
                |  |  \-[IDENT] Node: 'activitystream'
                |  \-[IDENT] Node: 'model'
                \-[IDENT] Node: 'Circle'

2017-12-21 19:55:05 [main] DEBUG o.h.hql.internal.ast.ErrorCounter - throwQueryException() : no errors
2017-12-21 19:55:05 [main] DEBUG o.h.h.i.antlr.HqlSqlBaseWalker - select << begin [level=1, statement=select]
2017-12-21 19:55:05 [main] DEBUG o.h.h.internal.ast.tree.FromElement - FromClause{level=1} : com.stackroute.activitystream.model.Circle (<no alias>) -> circle0_
2017-12-21 19:55:05 [main] DEBUG o.h.h.i.antlr.HqlSqlBaseWalker - select : finishing up [level=1, statement=select]
2017-12-21 19:55:05 [main] DEBUG o.h.hql.internal.ast.HqlSqlWalker - processQuery() :  ( SELECT ( FromClause{level=1} circle circle0_ ) )
2017-12-21 19:55:05 [main] DEBUG o.h.hql.internal.ast.HqlSqlWalker - Derived SELECT clause created.
2017-12-21 19:55:05 [main] DEBUG o.h.h.i.ast.util.JoinProcessor - Using FROM fragment [circle circle0_]
2017-12-21 19:55:05 [main] DEBUG o.h.h.i.antlr.HqlSqlBaseWalker - select >> end [level=1, statement=select]
2017-12-21 19:55:05 [main] DEBUG o.h.h.i.ast.QueryTranslatorImpl - --- SQL AST ---
 \-[SELECT] QueryNode: 'SELECT'  querySpaces (circle)
    +-[SELECT_CLAUSE] SelectClause: '{derived select clause}'
    |  +-[SELECT_EXPR] SelectExpressionImpl: 'circle0_.circleName as circleNa1_0_' {FromElement{explicit,not a collection join,not a fetch join,fetch non-lazy properties,classAlias=null,role=null,tableName=circle,tableAlias=circle0_,origin=null,columns={,className=com.stackroute.activitystream.model.Circle}}}
    |  \-[SQL_TOKEN] SqlFragment: 'circle0_.createdDate as createdD2_0_, circle0_.creatorId as creatorI3_0_'
    \-[FROM] FromClause: 'from' FromClause{level=1, fromElementCounter=1, fromElements=1, fromElementByClassAlias=[], fromElementByTableAlias=[circle0_], fromElementsByPath=[], collectionJoinFromElementsByPath=[], impliedElements=[]}
       \-[FROM_FRAGMENT] FromElement: 'circle circle0_' FromElement{explicit,not a collection join,not a fetch join,fetch non-lazy properties,classAlias=null,role=null,tableName=circle,tableAlias=circle0_,origin=null,columns={,className=com.stackroute.activitystream.model.Circle}}

2017-12-21 19:55:05 [main] DEBUG o.h.hql.internal.ast.ErrorCounter - throwQueryException() : no errors
2017-12-21 19:55:05 [main] DEBUG o.h.h.i.ast.QueryTranslatorImpl - HQL: from com.stackroute.activitystream.model.Circle
2017-12-21 19:55:05 [main] DEBUG o.h.h.i.ast.QueryTranslatorImpl - SQL: select circle0_.circleName as circleNa1_0_, circle0_.createdDate as createdD2_0_, circle0_.creatorId as creatorI3_0_ from circle circle0_
2017-12-21 19:55:05 [main] DEBUG o.h.hql.internal.ast.ErrorCounter - throwQueryException() : no errors
2017-12-21 19:55:05 [main] DEBUG o.h.e.i.AbstractFlushingEventListener - Processing flush-time cascades
2017-12-21 19:55:05 [main] DEBUG o.h.e.i.AbstractFlushingEventListener - Dirty checking collections
2017-12-21 19:55:05 [main] DEBUG o.h.e.i.AbstractFlushingEventListener - Flushed: 0 insertions, 0 updates, 0 deletions to 2 objects
2017-12-21 19:55:05 [main] DEBUG o.h.e.i.AbstractFlushingEventListener - Flushed: 0 (re)creations, 0 updates, 0 removals to 0 collections
2017-12-21 19:55:05 [main] DEBUG o.h.internal.util.EntityPrinter - Listing entities:
2017-12-21 19:55:05 [main] DEBUG o.h.internal.util.EntityPrinter - com.stackroute.activitystream.model.Circle{createdDate=2017-12-21 19:55:05.239, creatorId=John, circleName=Java}
2017-12-21 19:55:05 [main] DEBUG o.h.internal.util.EntityPrinter - com.stackroute.activitystream.model.User{password=password, name=John, username=john}
2017-12-21 19:55:05 [main] DEBUG org.hibernate.SQL - select circle0_.circleName as circleNa1_0_, circle0_.createdDate as createdD2_0_, circle0_.creatorId as creatorI3_0_ from circle circle0_
2017-12-21 19:55:05 [main] DEBUG org.hibernate.loader.Loader - Result set row: 0
2017-12-21 19:55:05 [main] DEBUG org.hibernate.loader.Loader - Result row: EntityKey[com.stackroute.activitystream.model.Circle#shashi]
2017-12-21 19:55:05 [main] DEBUG org.hibernate.loader.Loader - Result set row: 1
2017-12-21 19:55:05 [main] DEBUG org.hibernate.loader.Loader - Result row: EntityKey[com.stackroute.activitystream.model.Circle#Java]
2017-12-21 19:55:05 [main] DEBUG o.h.engine.internal.TwoPhaseLoad - Resolving associations for [com.stackroute.activitystream.model.Circle#shashi]
2017-12-21 19:55:05 [main] DEBUG o.h.engine.internal.TwoPhaseLoad - Done materializing entity [com.stackroute.activitystream.model.Circle#shashi]
2017-12-21 19:55:05 [main] DEBUG o.h.e.i.AbstractFlushingEventListener - Processing flush-time cascades
2017-12-21 19:55:05 [main] DEBUG o.h.e.i.AbstractFlushingEventListener - Dirty checking collections
2017-12-21 19:55:05 [main] DEBUG o.h.e.i.AbstractFlushingEventListener - Flushed: 0 insertions, 0 updates, 0 deletions to 3 objects
2017-12-21 19:55:05 [main] DEBUG o.h.e.i.AbstractFlushingEventListener - Flushed: 0 (re)creations, 0 updates, 0 removals to 0 collections
2017-12-21 19:55:05 [main] DEBUG o.h.internal.util.EntityPrinter - Listing entities:
2017-12-21 19:55:05 [main] DEBUG o.h.internal.util.EntityPrinter - com.stackroute.activitystream.model.Circle{createdDate=2017-12-21 19:55:05.239, creatorId=John, circleName=Java}
2017-12-21 19:55:05 [main] DEBUG o.h.internal.util.EntityPrinter - com.stackroute.activitystream.model.Circle{createdDate=2017-12-21 09:44:59.0, creatorId=shashi, circleName=shashi}
2017-12-21 19:55:05 [main] DEBUG o.h.internal.util.EntityPrinter - com.stackroute.activitystream.model.User{password=password, name=John, username=john}
2017-12-21 19:55:05 [main] DEBUG org.hibernate.SQL - select user0_.username as username1_2_, user0_.name as name2_2_, user0_.password as password3_2_ from user user0_ where user0_.username=?
2017-12-21 19:55:05 [main] DEBUG org.hibernate.loader.Loader - Result set row: 0
2017-12-21 19:55:05 [main] DEBUG org.hibernate.loader.Loader - Result row: EntityKey[com.stackroute.activitystream.model.User#john]
2017-12-21 19:55:05 [main] DEBUG o.h.e.i.AbstractFlushingEventListener - Processing flush-time cascades
2017-12-21 19:55:05 [main] DEBUG o.h.e.i.AbstractFlushingEventListener - Dirty checking collections
2017-12-21 19:55:05 [main] DEBUG o.h.e.i.AbstractFlushingEventListener - Flushed: 0 insertions, 0 updates, 0 deletions to 3 objects
2017-12-21 19:55:05 [main] DEBUG o.h.e.i.AbstractFlushingEventListener - Flushed: 0 (re)creations, 0 updates, 0 removals to 0 collections
2017-12-21 19:55:05 [main] DEBUG o.h.internal.util.EntityPrinter - Listing entities:
2017-12-21 19:55:05 [main] DEBUG o.h.internal.util.EntityPrinter - com.stackroute.activitystream.model.Circle{createdDate=2017-12-21 19:55:05.239, creatorId=John, circleName=Java}
2017-12-21 19:55:05 [main] DEBUG o.h.internal.util.EntityPrinter - com.stackroute.activitystream.model.Circle{createdDate=2017-12-21 09:44:59.0, creatorId=shashi, circleName=shashi}
2017-12-21 19:55:05 [main] DEBUG o.h.internal.util.EntityPrinter - com.stackroute.activitystream.model.User{password=password, name=John, username=john}
2017-12-21 19:55:05 [main] DEBUG org.hibernate.SQL - select user0_.username as username1_2_, user0_.name as name2_2_, user0_.password as password3_2_ from user user0_ where user0_.username=?
2017-12-21 19:55:05 [main] DEBUG org.hibernate.loader.Loader - Result set row: 0
2017-12-21 19:55:05 [main] DEBUG org.hibernate.loader.Loader - Result row: EntityKey[com.stackroute.activitystream.model.User#john]
2017-12-21 19:55:05 [main] DEBUG o.h.e.i.AbstractFlushingEventListener - Processing flush-time cascades
2017-12-21 19:55:05 [main] DEBUG o.h.e.i.AbstractFlushingEventListener - Dirty checking collections
2017-12-21 19:55:05 [main] DEBUG o.h.e.i.AbstractFlushingEventListener - Flushed: 0 insertions, 0 updates, 0 deletions to 3 objects
2017-12-21 19:55:05 [main] DEBUG o.h.e.i.AbstractFlushingEventListener - Flushed: 0 (re)creations, 0 updates, 0 removals to 0 collections
2017-12-21 19:55:05 [main] DEBUG o.h.internal.util.EntityPrinter - Listing entities:
2017-12-21 19:55:05 [main] DEBUG o.h.internal.util.EntityPrinter - com.stackroute.activitystream.model.Circle{createdDate=2017-12-21 19:55:05.239, creatorId=John, circleName=Java}
2017-12-21 19:55:05 [main] DEBUG o.h.internal.util.EntityPrinter - com.stackroute.activitystream.model.Circle{createdDate=2017-12-21 09:44:59.0, creatorId=shashi, circleName=shashi}
2017-12-21 19:55:05 [main] DEBUG o.h.internal.util.EntityPrinter - com.stackroute.activitystream.model.User{password=password, name=John, username=john}
2017-12-21 19:55:05 [main] DEBUG org.hibernate.SQL - select user0_.username as username1_2_, user0_.name as name2_2_, user0_.password as password3_2_ from user user0_ where user0_.username=?
2017-12-21 19:55:05 [main] DEBUG org.hibernate.loader.Loader - Result set row: 0
2017-12-21 19:55:05 [main] DEBUG org.hibernate.loader.Loader - Result row: EntityKey[com.stackroute.activitystream.model.User#john]
2017-12-21 19:55:05 [main] DEBUG o.h.e.i.AbstractFlushingEventListener - Processing flush-time cascades
2017-12-21 19:55:05 [main] DEBUG o.h.e.i.AbstractFlushingEventListener - Dirty checking collections
2017-12-21 19:55:05 [main] DEBUG o.h.e.i.AbstractFlushingEventListener - Flushed: 0 insertions, 0 updates, 0 deletions to 3 objects
2017-12-21 19:55:05 [main] DEBUG o.h.e.i.AbstractFlushingEventListener - Flushed: 0 (re)creations, 0 updates, 0 removals to 0 collections
2017-12-21 19:55:05 [main] DEBUG o.h.internal.util.EntityPrinter - Listing entities:
2017-12-21 19:55:05 [main] DEBUG o.h.internal.util.EntityPrinter - com.stackroute.activitystream.model.Circle{createdDate=2017-12-21 19:55:05.239, creatorId=John, circleName=Java}
2017-12-21 19:55:05 [main] DEBUG o.h.internal.util.EntityPrinter - com.stackroute.activitystream.model.Circle{createdDate=2017-12-21 09:44:59.0, creatorId=shashi, circleName=shashi}
2017-12-21 19:55:05 [main] DEBUG o.h.internal.util.EntityPrinter - com.stackroute.activitystream.model.User{password=password, name=John, username=john}
2017-12-21 19:55:05 [main] DEBUG org.hibernate.SQL - select user0_.username as username1_2_, user0_.name as name2_2_, user0_.password as password3_2_ from user user0_ where user0_.username=?
2017-12-21 19:55:05 [main] DEBUG org.hibernate.loader.Loader - Result set row: 0
2017-12-21 19:55:05 [main] DEBUG org.hibernate.loader.Loader - Result row: EntityKey[com.stackroute.activitystream.model.User#john]
2017-12-21 19:55:05 [main] DEBUG o.h.e.i.AbstractFlushingEventListener - Processing flush-time cascades
2017-12-21 19:55:05 [main] DEBUG o.h.e.i.AbstractFlushingEventListener - Dirty checking collections
2017-12-21 19:55:05 [main] DEBUG o.h.e.i.AbstractFlushingEventListener - Flushed: 0 insertions, 0 updates, 1 deletions to 3 objects
2017-12-21 19:55:05 [main] DEBUG o.h.e.i.AbstractFlushingEventListener - Flushed: 0 (re)creations, 0 updates, 0 removals to 0 collections
2017-12-21 19:55:05 [main] DEBUG o.h.internal.util.EntityPrinter - Listing entities:
2017-12-21 19:55:05 [main] DEBUG o.h.internal.util.EntityPrinter - com.stackroute.activitystream.model.Circle{createdDate=2017-12-21 19:55:05.239, creatorId=John, circleName=Java}
2017-12-21 19:55:05 [main] DEBUG o.h.internal.util.EntityPrinter - com.stackroute.activitystream.model.Circle{createdDate=2017-12-21 09:44:59.0, creatorId=shashi, circleName=shashi}
2017-12-21 19:55:05 [main] DEBUG o.h.internal.util.EntityPrinter - com.stackroute.activitystream.model.User{password=password, name=John, username=john}
2017-12-21 19:55:05 [main] DEBUG org.hibernate.SQL - delete from user where username=?
2017-12-21 19:55:05 [main] DEBUG o.h.e.i.AbstractFlushingEventListener - Processing flush-time cascades
2017-12-21 19:55:05 [main] DEBUG o.h.e.i.AbstractFlushingEventListener - Dirty checking collections
2017-12-21 19:55:05 [main] DEBUG o.h.e.i.AbstractFlushingEventListener - Flushed: 0 insertions, 0 updates, 0 deletions to 2 objects
2017-12-21 19:55:05 [main] DEBUG o.h.e.i.AbstractFlushingEventListener - Flushed: 0 (re)creations, 0 updates, 0 removals to 0 collections
2017-12-21 19:55:05 [main] DEBUG o.h.internal.util.EntityPrinter - Listing entities:
2017-12-21 19:55:05 [main] DEBUG o.h.internal.util.EntityPrinter - com.stackroute.activitystream.model.Circle{createdDate=2017-12-21 19:55:05.239, creatorId=John, circleName=Java}
2017-12-21 19:55:05 [main] DEBUG o.h.internal.util.EntityPrinter - com.stackroute.activitystream.model.Circle{createdDate=2017-12-21 09:44:59.0, creatorId=shashi, circleName=shashi}
2017-12-21 19:55:05 [main] DEBUG org.hibernate.SQL - select circle0_.circleName as circleNa1_0_, circle0_.createdDate as createdD2_0_, circle0_.creatorId as creatorI3_0_ from circle circle0_ where circle0_.circleName=?
2017-12-21 19:55:05 [main] DEBUG org.hibernate.loader.Loader - Result set row: 0
2017-12-21 19:55:05 [main] DEBUG org.hibernate.loader.Loader - Result row: EntityKey[com.stackroute.activitystream.model.Circle#Java]
2017-12-21 19:55:05 [main] DEBUG o.h.e.i.AbstractFlushingEventListener - Processing flush-time cascades
2017-12-21 19:55:05 [main] DEBUG o.h.e.i.AbstractFlushingEventListener - Dirty checking collections
2017-12-21 19:55:05 [main] DEBUG o.h.e.i.AbstractFlushingEventListener - Flushed: 0 insertions, 0 updates, 0 deletions to 2 objects
2017-12-21 19:55:05 [main] DEBUG o.h.e.i.AbstractFlushingEventListener - Flushed: 0 (re)creations, 0 updates, 0 removals to 0 collections
2017-12-21 19:55:05 [main] DEBUG o.h.internal.util.EntityPrinter - Listing entities:
2017-12-21 19:55:05 [main] DEBUG o.h.internal.util.EntityPrinter - com.stackroute.activitystream.model.Circle{createdDate=2017-12-21 19:55:05.239, creatorId=John, circleName=Java}
2017-12-21 19:55:05 [main] DEBUG o.h.internal.util.EntityPrinter - com.stackroute.activitystream.model.Circle{createdDate=2017-12-21 09:44:59.0, creatorId=shashi, circleName=shashi}
2017-12-21 19:55:05 [main] DEBUG org.hibernate.SQL - select circle0_.circleName as circleNa1_0_, circle0_.createdDate as createdD2_0_, circle0_.creatorId as creatorI3_0_ from circle circle0_ where circle0_.circleName=?
2017-12-21 19:55:05 [main] DEBUG org.hibernate.loader.Loader - Result set row: 0
2017-12-21 19:55:05 [main] DEBUG org.hibernate.loader.Loader - Result row: EntityKey[com.stackroute.activitystream.model.Circle#Java]
2017-12-21 19:55:05 [main] DEBUG o.h.e.i.AbstractFlushingEventListener - Processing flush-time cascades
2017-12-21 19:55:05 [main] DEBUG o.h.e.i.AbstractFlushingEventListener - Dirty checking collections
2017-12-21 19:55:05 [main] DEBUG o.h.e.i.AbstractFlushingEventListener - Flushed: 0 insertions, 0 updates, 1 deletions to 2 objects
2017-12-21 19:55:05 [main] DEBUG o.h.e.i.AbstractFlushingEventListener - Flushed: 0 (re)creations, 0 updates, 0 removals to 0 collections
2017-12-21 19:55:05 [main] DEBUG o.h.internal.util.EntityPrinter - Listing entities:
2017-12-21 19:55:05 [main] DEBUG o.h.internal.util.EntityPrinter - com.stackroute.activitystream.model.Circle{createdDate=2017-12-21 19:55:05.239, creatorId=John, circleName=Java}
2017-12-21 19:55:05 [main] DEBUG o.h.internal.util.EntityPrinter - com.stackroute.activitystream.model.Circle{createdDate=2017-12-21 09:44:59.0, creatorId=shashi, circleName=shashi}
2017-12-21 19:55:05 [main] DEBUG org.hibernate.SQL - delete from circle where circleName=?
2017-12-21 19:55:05 [main] DEBUG o.h.e.t.internal.TransactionImpl - rolling back
2017-12-21 19:55:05 [main] DEBUG o.h.e.j.internal.JdbcCoordinatorImpl - HHH000420: Closing un-released batch
2017-12-21 19:55:05 [main] DEBUG o.h.e.t.internal.TransactionImpl - begin
2017-12-21 19:55:05 [main] DEBUG org.hibernate.SQL - select user0_.username as username1_2_, user0_.name as name2_2_, user0_.password as password3_2_ from user user0_ where user0_.username=?
2017-12-21 19:55:05 [main] DEBUG org.hibernate.SQL - select circle0_.circleName as circleNa1_0_, circle0_.createdDate as createdD2_0_, circle0_.creatorId as creatorI3_0_ from circle circle0_ where circle0_.circleName=?
2017-12-21 19:55:05 [main] DEBUG o.h.e.i.AbstractSaveEventListener - Generated identifier: john, using strategy: org.hibernate.id.Assigned
2017-12-21 19:55:05 [main] DEBUG o.h.e.i.AbstractFlushingEventListener - Processing flush-time cascades
2017-12-21 19:55:05 [main] DEBUG o.h.e.i.AbstractFlushingEventListener - Dirty checking collections
2017-12-21 19:55:05 [main] DEBUG o.h.e.i.AbstractFlushingEventListener - Flushed: 1 insertions, 0 updates, 0 deletions to 1 objects
2017-12-21 19:55:05 [main] DEBUG o.h.e.i.AbstractFlushingEventListener - Flushed: 0 (re)creations, 0 updates, 0 removals to 0 collections
2017-12-21 19:55:05 [main] DEBUG o.h.internal.util.EntityPrinter - Listing entities:
2017-12-21 19:55:05 [main] DEBUG o.h.internal.util.EntityPrinter - com.stackroute.activitystream.model.User{password=password, name=John, username=john}
2017-12-21 19:55:05 [main] DEBUG org.hibernate.SQL - insert into user (name, password, username) values (?, ?, ?)
2017-12-21 19:55:05 [main] DEBUG o.h.e.i.AbstractFlushingEventListener - Processing flush-time cascades
2017-12-21 19:55:05 [main] DEBUG o.h.e.i.AbstractFlushingEventListener - Dirty checking collections
2017-12-21 19:55:05 [main] DEBUG o.h.e.i.AbstractFlushingEventListener - Flushed: 0 insertions, 0 updates, 0 deletions to 1 objects
2017-12-21 19:55:05 [main] DEBUG o.h.e.i.AbstractFlushingEventListener - Flushed: 0 (re)creations, 0 updates, 0 removals to 0 collections
2017-12-21 19:55:05 [main] DEBUG o.h.internal.util.EntityPrinter - Listing entities:
2017-12-21 19:55:05 [main] DEBUG o.h.internal.util.EntityPrinter - com.stackroute.activitystream.model.User{password=password, name=John, username=john}
2017-12-21 19:55:05 [main] DEBUG org.hibernate.SQL - select user0_.username as username1_2_, user0_.name as name2_2_, user0_.password as password3_2_ from user user0_ where user0_.username=?
2017-12-21 19:55:05 [main] DEBUG org.hibernate.loader.Loader - Result set row: 0
2017-12-21 19:55:05 [main] DEBUG org.hibernate.loader.Loader - Result row: EntityKey[com.stackroute.activitystream.model.User#john]
2017-12-21 19:55:05 [main] DEBUG o.h.e.i.AbstractFlushingEventListener - Processing flush-time cascades
2017-12-21 19:55:05 [main] DEBUG o.h.e.i.AbstractFlushingEventListener - Dirty checking collections
2017-12-21 19:55:05 [main] DEBUG o.h.e.i.AbstractFlushingEventListener - Flushed: 0 insertions, 0 updates, 0 deletions to 1 objects
2017-12-21 19:55:05 [main] DEBUG o.h.e.i.AbstractFlushingEventListener - Flushed: 0 (re)creations, 0 updates, 0 removals to 0 collections
2017-12-21 19:55:05 [main] DEBUG o.h.internal.util.EntityPrinter - Listing entities:
2017-12-21 19:55:05 [main] DEBUG o.h.internal.util.EntityPrinter - com.stackroute.activitystream.model.User{password=password, name=John, username=john}
2017-12-21 19:55:05 [main] DEBUG org.hibernate.SQL - select user0_.username as username1_2_, user0_.name as name2_2_, user0_.password as password3_2_ from user user0_ where user0_.username=?
2017-12-21 19:55:05 [main] DEBUG org.hibernate.loader.Loader - Result set row: 0
2017-12-21 19:55:05 [main] DEBUG org.hibernate.loader.Loader - Result row: EntityKey[com.stackroute.activitystream.model.User#john]
2017-12-21 19:55:05 [main] DEBUG o.h.e.i.AbstractSaveEventListener - Generated identifier: Java, using strategy: org.hibernate.id.Assigned
2017-12-21 19:55:05 [main] DEBUG o.h.e.i.AbstractFlushingEventListener - Processing flush-time cascades
2017-12-21 19:55:05 [main] DEBUG o.h.e.i.AbstractFlushingEventListener - Dirty checking collections
2017-12-21 19:55:05 [main] DEBUG o.h.e.i.AbstractFlushingEventListener - Flushed: 1 insertions, 0 updates, 0 deletions to 2 objects
2017-12-21 19:55:05 [main] DEBUG o.h.e.i.AbstractFlushingEventListener - Flushed: 0 (re)creations, 0 updates, 0 removals to 0 collections
2017-12-21 19:55:05 [main] DEBUG o.h.internal.util.EntityPrinter - Listing entities:
2017-12-21 19:55:05 [main] DEBUG o.h.internal.util.EntityPrinter - com.stackroute.activitystream.model.Circle{createdDate=2017-12-21 19:55:05.313, creatorId=John, circleName=Java}
2017-12-21 19:55:05 [main] DEBUG o.h.internal.util.EntityPrinter - com.stackroute.activitystream.model.User{password=password, name=John, username=john}
2017-12-21 19:55:05 [main] DEBUG org.hibernate.SQL - insert into circle (createdDate, creatorId, circleName) values (?, ?, ?)
2017-12-21 19:55:05 [main] DEBUG o.h.e.i.AbstractFlushingEventListener - Processing flush-time cascades
2017-12-21 19:55:05 [main] DEBUG o.h.e.i.AbstractFlushingEventListener - Dirty checking collections
2017-12-21 19:55:05 [main] DEBUG o.h.e.i.AbstractFlushingEventListener - Flushed: 0 insertions, 0 updates, 0 deletions to 2 objects
2017-12-21 19:55:05 [main] DEBUG o.h.e.i.AbstractFlushingEventListener - Flushed: 0 (re)creations, 0 updates, 0 removals to 0 collections
2017-12-21 19:55:05 [main] DEBUG o.h.internal.util.EntityPrinter - Listing entities:
2017-12-21 19:55:05 [main] DEBUG o.h.internal.util.EntityPrinter - com.stackroute.activitystream.model.Circle{createdDate=2017-12-21 19:55:05.313, creatorId=John, circleName=Java}
2017-12-21 19:55:05 [main] DEBUG o.h.internal.util.EntityPrinter - com.stackroute.activitystream.model.User{password=password, name=John, username=john}
2017-12-21 19:55:05 [main] DEBUG org.hibernate.SQL - select user0_.username as username1_2_, user0_.name as name2_2_, user0_.password as password3_2_ from user user0_ where user0_.username=?
2017-12-21 19:55:05 [main] DEBUG org.hibernate.SQL - select circle_.circleName, circle_.createdDate as createdD2_0_, circle_.creatorId as creatorI3_0_ from circle circle_ where circle_.circleName=?
2017-12-21 19:55:05 [main] DEBUG o.h.r.j.i.ResourceRegistryStandardImpl - HHH000387: ResultSet's statement was not registered
2017-12-21 19:55:05 [main] INFO  o.h.e.i.DefaultDeleteEventListener - HHH000114: Handling transient entity in delete processing
2017-12-21 19:55:05 [main] DEBUG o.h.e.i.AbstractFlushingEventListener - Processing flush-time cascades
2017-12-21 19:55:05 [main] DEBUG o.h.e.i.AbstractFlushingEventListener - Dirty checking collections
2017-12-21 19:55:05 [main] DEBUG o.h.e.i.AbstractFlushingEventListener - Flushed: 0 insertions, 0 updates, 0 deletions to 2 objects
2017-12-21 19:55:05 [main] DEBUG o.h.e.i.AbstractFlushingEventListener - Flushed: 0 (re)creations, 0 updates, 0 removals to 0 collections
2017-12-21 19:55:05 [main] DEBUG o.h.internal.util.EntityPrinter - Listing entities:
2017-12-21 19:55:05 [main] DEBUG o.h.internal.util.EntityPrinter - com.stackroute.activitystream.model.Circle{createdDate=2017-12-21 19:55:05.313, creatorId=John, circleName=Java}
2017-12-21 19:55:05 [main] DEBUG o.h.internal.util.EntityPrinter - com.stackroute.activitystream.model.User{password=password, name=John, username=john}
2017-12-21 19:55:05 [main] DEBUG o.h.e.i.AbstractFlushingEventListener - Processing flush-time cascades
2017-12-21 19:55:05 [main] DEBUG o.h.e.i.AbstractFlushingEventListener - Dirty checking collections
2017-12-21 19:55:05 [main] DEBUG o.h.e.i.AbstractFlushingEventListener - Flushed: 0 insertions, 0 updates, 0 deletions to 2 objects
2017-12-21 19:55:05 [main] DEBUG o.h.e.i.AbstractFlushingEventListener - Flushed: 0 (re)creations, 0 updates, 0 removals to 0 collections
2017-12-21 19:55:05 [main] DEBUG o.h.internal.util.EntityPrinter - Listing entities:
2017-12-21 19:55:05 [main] DEBUG o.h.internal.util.EntityPrinter - com.stackroute.activitystream.model.Circle{createdDate=2017-12-21 19:55:05.313, creatorId=John, circleName=Java}
2017-12-21 19:55:05 [main] DEBUG o.h.internal.util.EntityPrinter - com.stackroute.activitystream.model.User{password=password, name=John, username=john}
2017-12-21 19:55:05 [main] DEBUG org.hibernate.SQL - select user0_.username as username1_2_, user0_.name as name2_2_, user0_.password as password3_2_ from user user0_ where user0_.username=?
2017-12-21 19:55:05 [main] DEBUG org.hibernate.loader.Loader - Result set row: 0
2017-12-21 19:55:05 [main] DEBUG org.hibernate.loader.Loader - Result row: EntityKey[com.stackroute.activitystream.model.User#john]
2017-12-21 19:55:05 [main] DEBUG o.h.e.i.AbstractFlushingEventListener - Processing flush-time cascades
2017-12-21 19:55:05 [main] DEBUG o.h.e.i.AbstractFlushingEventListener - Dirty checking collections
2017-12-21 19:55:05 [main] DEBUG o.h.e.i.AbstractFlushingEventListener - Flushed: 0 insertions, 0 updates, 0 deletions to 2 objects
2017-12-21 19:55:05 [main] DEBUG o.h.e.i.AbstractFlushingEventListener - Flushed: 0 (re)creations, 0 updates, 0 removals to 0 collections
2017-12-21 19:55:05 [main] DEBUG o.h.internal.util.EntityPrinter - Listing entities:
2017-12-21 19:55:05 [main] DEBUG o.h.internal.util.EntityPrinter - com.stackroute.activitystream.model.Circle{createdDate=2017-12-21 19:55:05.313, creatorId=John, circleName=Java}
2017-12-21 19:55:05 [main] DEBUG o.h.internal.util.EntityPrinter - com.stackroute.activitystream.model.User{password=password, name=John, username=john}
2017-12-21 19:55:05 [main] DEBUG org.hibernate.SQL - select user0_.username as username1_2_, user0_.name as name2_2_, user0_.password as password3_2_ from user user0_ where user0_.username=?
2017-12-21 19:55:05 [main] DEBUG org.hibernate.loader.Loader - Result set row: 0
2017-12-21 19:55:05 [main] DEBUG org.hibernate.loader.Loader - Result row: EntityKey[com.stackroute.activitystream.model.User#john]
2017-12-21 19:55:05 [main] DEBUG o.h.e.i.AbstractFlushingEventListener - Processing flush-time cascades
2017-12-21 19:55:05 [main] DEBUG o.h.e.i.AbstractFlushingEventListener - Dirty checking collections
2017-12-21 19:55:05 [main] DEBUG o.h.e.i.AbstractFlushingEventListener - Flushed: 0 insertions, 0 updates, 0 deletions to 2 objects
2017-12-21 19:55:05 [main] DEBUG o.h.e.i.AbstractFlushingEventListener - Flushed: 0 (re)creations, 0 updates, 0 removals to 0 collections
2017-12-21 19:55:05 [main] DEBUG o.h.internal.util.EntityPrinter - Listing entities:
2017-12-21 19:55:05 [main] DEBUG o.h.internal.util.EntityPrinter - com.stackroute.activitystream.model.Circle{createdDate=2017-12-21 19:55:05.313, creatorId=John, circleName=Java}
2017-12-21 19:55:05 [main] DEBUG o.h.internal.util.EntityPrinter - com.stackroute.activitystream.model.User{password=password, name=John, username=john}
2017-12-21 19:55:05 [main] DEBUG org.hibernate.SQL - select user0_.username as username1_2_, user0_.name as name2_2_, user0_.password as password3_2_ from user user0_ where user0_.username=?
2017-12-21 19:55:05 [main] DEBUG org.hibernate.loader.Loader - Result set row: 0
2017-12-21 19:55:05 [main] DEBUG org.hibernate.loader.Loader - Result row: EntityKey[com.stackroute.activitystream.model.User#john]
2017-12-21 19:55:05 [main] DEBUG o.h.e.i.AbstractFlushingEventListener - Processing flush-time cascades
2017-12-21 19:55:05 [main] DEBUG o.h.e.i.AbstractFlushingEventListener - Dirty checking collections
2017-12-21 19:55:05 [main] DEBUG o.h.e.i.AbstractFlushingEventListener - Flushed: 0 insertions, 0 updates, 0 deletions to 2 objects
2017-12-21 19:55:05 [main] DEBUG o.h.e.i.AbstractFlushingEventListener - Flushed: 0 (re)creations, 0 updates, 0 removals to 0 collections
2017-12-21 19:55:05 [main] DEBUG o.h.internal.util.EntityPrinter - Listing entities:
2017-12-21 19:55:05 [main] DEBUG o.h.internal.util.EntityPrinter - com.stackroute.activitystream.model.Circle{createdDate=2017-12-21 19:55:05.313, creatorId=John, circleName=Java}
2017-12-21 19:55:05 [main] DEBUG o.h.internal.util.EntityPrinter - com.stackroute.activitystream.model.User{password=password, name=John, username=john}
2017-12-21 19:55:05 [main] DEBUG org.hibernate.SQL - select user0_.username as username1_2_, user0_.name as name2_2_, user0_.password as password3_2_ from user user0_ where user0_.username=?
2017-12-21 19:55:05 [main] DEBUG org.hibernate.loader.Loader - Result set row: 0
2017-12-21 19:55:05 [main] DEBUG org.hibernate.loader.Loader - Result row: EntityKey[com.stackroute.activitystream.model.User#john]
2017-12-21 19:55:05 [main] DEBUG o.h.e.i.AbstractFlushingEventListener - Processing flush-time cascades
2017-12-21 19:55:05 [main] DEBUG o.h.e.i.AbstractFlushingEventListener - Dirty checking collections
