2017-12-21 19:55:09 [main] DEBUG o.h.e.i.AbstractFlushingEventListener - Dirty checking collections
2017-12-21 19:55:09 [main] DEBUG o.h.e.i.AbstractFlushingEventListener - Flushed: 0 insertions, 0 updates, 0 deletions to 2 objects
2017-12-21 19:55:09 [main] DEBUG o.h.e.i.AbstractFlushingEventListener - Flushed: 0 (re)creations, 0 updates, 0 removals to 0 collections
2017-12-21 19:55:09 [main] DEBUG o.h.internal.util.EntityPrinter - Listing entities:
2017-12-21 19:55:09 [main] DEBUG o.h.internal.util.EntityPrinter - com.stackroute.activitystream.model.Circle{createdDate=2017-12-21 19:55:09.27, creatorId=John, circleName=Java}
2017-12-21 19:55:09 [main] DEBUG o.h.internal.util.EntityPrinter - com.stackroute.activitystream.model.User{password=password, name=John, username=john}
2017-12-21 19:55:09 [main] DEBUG org.hibernate.SQL - select user0_.username as username1_2_, user0_.name as name2_2_, user0_.password as password3_2_ from user user0_ where user0_.username=?
2017-12-21 19:55:09 [main] DEBUG org.hibernate.loader.Loader - Result set row: 0
2017-12-21 19:55:09 [main] DEBUG org.hibernate.loader.Loader - Result row: EntityKey[com.stackroute.activitystream.model.User#john]
2017-12-21 19:55:09 [main] DEBUG o.h.e.i.AbstractFlushingEventListener - Processing flush-time cascades
2017-12-21 19:55:09 [main] DEBUG o.h.e.i.AbstractFlushingEventListener - Dirty checking collections
2017-12-21 19:55:09 [main] DEBUG o.h.e.i.AbstractFlushingEventListener - Flushed: 0 insertions, 0 updates, 1 deletions to 2 objects
2017-12-21 19:55:09 [main] DEBUG o.h.e.i.AbstractFlushingEventListener - Flushed: 0 (re)creations, 0 updates, 0 removals to 0 collections
2017-12-21 19:55:09 [main] DEBUG o.h.internal.util.EntityPrinter - Listing entities:
2017-12-21 19:55:09 [main] DEBUG o.h.internal.util.EntityPrinter - com.stackroute.activitystream.model.Circle{createdDate=2017-12-21 19:55:09.27, creatorId=John, circleName=Java}
2017-12-21 19:55:09 [main] DEBUG o.h.internal.util.EntityPrinter - com.stackroute.activitystream.model.User{password=password, name=John, username=john}
2017-12-21 19:55:09 [main] DEBUG org.hibernate.SQL - delete from user where username=?
2017-12-21 19:55:09 [main] DEBUG o.h.e.i.AbstractFlushingEventListener - Processing flush-time cascades
2017-12-21 19:55:09 [main] DEBUG o.h.e.i.AbstractFlushingEventListener - Dirty checking collections
2017-12-21 19:55:09 [main] DEBUG o.h.e.i.AbstractFlushingEventListener - Flushed: 0 insertions, 0 updates, 0 deletions to 1 objects
2017-12-21 19:55:09 [main] DEBUG o.h.e.i.AbstractFlushingEventListener - Flushed: 0 (re)creations, 0 updates, 0 removals to 0 collections
2017-12-21 19:55:09 [main] DEBUG o.h.internal.util.EntityPrinter - Listing entities:
2017-12-21 19:55:09 [main] DEBUG o.h.internal.util.EntityPrinter - com.stackroute.activitystream.model.Circle{createdDate=2017-12-21 19:55:09.27, creatorId=John, circleName=Java}
2017-12-21 19:55:09 [main] DEBUG org.hibernate.SQL - select circle0_.circleName as circleNa1_0_, circle0_.createdDate as createdD2_0_, circle0_.creatorId as creatorI3_0_ from circle circle0_ where circle0_.circleName=?
2017-12-21 19:55:09 [main] DEBUG org.hibernate.loader.Loader - Result set row: 0
2017-12-21 19:55:09 [main] DEBUG org.hibernate.loader.Loader - Result row: EntityKey[com.stackroute.activitystream.model.Circle#Java]
2017-12-21 19:55:09 [main] DEBUG o.h.e.i.AbstractFlushingEventListener - Processing flush-time cascades
2017-12-21 19:55:09 [main] DEBUG o.h.e.i.AbstractFlushingEventListener - Dirty checking collections
2017-12-21 19:55:09 [main] DEBUG o.h.e.i.AbstractFlushingEventListener - Flushed: 0 insertions, 0 updates, 0 deletions to 1 objects
2017-12-21 19:55:09 [main] DEBUG o.h.e.i.AbstractFlushingEventListener - Flushed: 0 (re)creations, 0 updates, 0 removals to 0 collections
2017-12-21 19:55:09 [main] DEBUG o.h.internal.util.EntityPrinter - Listing entities:
2017-12-21 19:55:09 [main] DEBUG o.h.internal.util.EntityPrinter - com.stackroute.activitystream.model.Circle{createdDate=2017-12-21 19:55:09.27, creatorId=John, circleName=Java}
2017-12-21 19:55:09 [main] DEBUG org.hibernate.SQL - select circle0_.circleName as circleNa1_0_, circle0_.createdDate as createdD2_0_, circle0_.creatorId as creatorI3_0_ from circle circle0_ where circle0_.circleName=?
2017-12-21 19:55:09 [main] DEBUG org.hibernate.loader.Loader - Result set row: 0
2017-12-21 19:55:09 [main] DEBUG org.hibernate.loader.Loader - Result row: EntityKey[com.stackroute.activitystream.model.Circle#Java]
2017-12-21 19:55:09 [main] DEBUG o.h.e.i.AbstractFlushingEventListener - Processing flush-time cascades
2017-12-21 19:55:09 [main] DEBUG o.h.e.i.AbstractFlushingEventListener - Dirty checking collections
2017-12-21 19:55:09 [main] DEBUG o.h.e.i.AbstractFlushingEventListener - Flushed: 0 insertions, 0 updates, 1 deletions to 1 objects
2017-12-21 19:55:09 [main] DEBUG o.h.e.i.AbstractFlushingEventListener - Flushed: 0 (re)creations, 0 updates, 0 removals to 0 collections
2017-12-21 19:55:09 [main] DEBUG o.h.internal.util.EntityPrinter - Listing entities:
2017-12-21 19:55:09 [main] DEBUG o.h.internal.util.EntityPrinter - com.stackroute.activitystream.model.Circle{createdDate=2017-12-21 19:55:09.27, creatorId=John, circleName=Java}
2017-12-21 19:55:09 [main] DEBUG org.hibernate.SQL - delete from circle where circleName=?
2017-12-21 19:55:09 [main] DEBUG o.h.e.t.internal.TransactionImpl - rolling back
2017-12-21 19:55:09 [main] DEBUG o.h.e.j.internal.JdbcCoordinatorImpl - HHH000420: Closing un-released batch
2017-12-21 19:55:09 [main] DEBUG o.h.e.t.internal.TransactionImpl - begin
2017-12-21 19:55:09 [main] DEBUG org.hibernate.SQL - select user0_.username as username1_2_, user0_.name as name2_2_, user0_.password as password3_2_ from user user0_ where user0_.username=?
2017-12-21 19:55:09 [main] DEBUG org.hibernate.SQL - select circle0_.circleName as circleNa1_0_, circle0_.createdDate as createdD2_0_, circle0_.creatorId as creatorI3_0_ from circle circle0_ where circle0_.circleName=?
2017-12-21 19:55:09 [main] DEBUG o.h.e.i.AbstractSaveEventListener - Generated identifier: john, using strategy: org.hibernate.id.Assigned
2017-12-21 19:55:09 [main] DEBUG o.h.e.i.AbstractFlushingEventListener - Processing flush-time cascades
2017-12-21 19:55:09 [main] DEBUG o.h.e.i.AbstractFlushingEventListener - Dirty checking collections
2017-12-21 19:55:09 [main] DEBUG o.h.e.i.AbstractFlushingEventListener - Flushed: 1 insertions, 0 updates, 0 deletions to 1 objects
2017-12-21 19:55:09 [main] DEBUG o.h.e.i.AbstractFlushingEventListener - Flushed: 0 (re)creations, 0 updates, 0 removals to 0 collections
2017-12-21 19:55:09 [main] DEBUG o.h.internal.util.EntityPrinter - Listing entities:
2017-12-21 19:55:09 [main] DEBUG o.h.internal.util.EntityPrinter - com.stackroute.activitystream.model.User{password=password, name=John, username=john}
2017-12-21 19:55:09 [main] DEBUG org.hibernate.SQL - insert into user (name, password, username) values (?, ?, ?)
2017-12-21 19:55:09 [main] DEBUG o.h.e.i.AbstractFlushingEventListener - Processing flush-time cascades
2017-12-21 19:55:09 [main] DEBUG o.h.e.i.AbstractFlushingEventListener - Dirty checking collections
2017-12-21 19:55:09 [main] DEBUG o.h.e.i.AbstractFlushingEventListener - Flushed: 0 insertions, 0 updates, 0 deletions to 1 objects
2017-12-21 19:55:09 [main] DEBUG o.h.e.i.AbstractFlushingEventListener - Flushed: 0 (re)creations, 0 updates, 0 removals to 0 collections
2017-12-21 19:55:09 [main] DEBUG o.h.internal.util.EntityPrinter - Listing entities:
2017-12-21 19:55:09 [main] DEBUG o.h.internal.util.EntityPrinter - com.stackroute.activitystream.model.User{password=password, name=John, username=john}
2017-12-21 19:55:09 [main] DEBUG org.hibernate.SQL - select user0_.username as username1_2_, user0_.name as name2_2_, user0_.password as password3_2_ from user user0_ where user0_.username=?
2017-12-21 19:55:09 [main] DEBUG org.hibernate.loader.Loader - Result set row: 0
2017-12-21 19:55:09 [main] DEBUG org.hibernate.loader.Loader - Result row: EntityKey[com.stackroute.activitystream.model.User#john]
2017-12-21 19:55:09 [main] DEBUG o.h.e.i.AbstractFlushingEventListener - Processing flush-time cascades
2017-12-21 19:55:09 [main] DEBUG o.h.e.i.AbstractFlushingEventListener - Dirty checking collections
2017-12-21 19:55:09 [main] DEBUG o.h.e.i.AbstractFlushingEventListener - Flushed: 0 insertions, 0 updates, 0 deletions to 1 objects
2017-12-21 19:55:09 [main] DEBUG o.h.e.i.AbstractFlushingEventListener - Flushed: 0 (re)creations, 0 updates, 0 removals to 0 collections
2017-12-21 19:55:09 [main] DEBUG o.h.internal.util.EntityPrinter - Listing entities:
2017-12-21 19:55:09 [main] DEBUG o.h.internal.util.EntityPrinter - com.stackroute.activitystream.model.User{password=password, name=John, username=john}
2017-12-21 19:55:09 [main] DEBUG org.hibernate.SQL - select user0_.username as username1_2_, user0_.name as name2_2_, user0_.password as password3_2_ from user user0_ where user0_.username=?
2017-12-21 19:55:09 [main] DEBUG org.hibernate.loader.Loader - Result set row: 0
2017-12-21 19:55:09 [main] DEBUG org.hibernate.loader.Loader - Result row: EntityKey[com.stackroute.activitystream.model.User#john]
2017-12-21 19:55:09 [main] DEBUG o.h.e.i.AbstractSaveEventListener - Generated identifier: Java, using strategy: org.hibernate.id.Assigned
2017-12-21 19:55:09 [main] DEBUG o.h.e.i.AbstractFlushingEventListener - Processing flush-time cascades
2017-12-21 19:55:09 [main] DEBUG o.h.e.i.AbstractFlushingEventListener - Dirty checking collections
2017-12-21 19:55:09 [main] DEBUG o.h.e.i.AbstractFlushingEventListener - Flushed: 1 insertions, 0 updates, 0 deletions to 2 objects
2017-12-21 19:55:09 [main] DEBUG o.h.e.i.AbstractFlushingEventListener - Flushed: 0 (re)creations, 0 updates, 0 removals to 0 collections
2017-12-21 19:55:09 [main] DEBUG o.h.internal.util.EntityPrinter - Listing entities:
2017-12-21 19:55:09 [main] DEBUG o.h.internal.util.EntityPrinter - com.stackroute.activitystream.model.Circle{createdDate=2017-12-21 19:55:09.296, creatorId=John, circleName=Java}
2017-12-21 19:55:09 [main] DEBUG o.h.internal.util.EntityPrinter - com.stackroute.activitystream.model.User{password=password, name=John, username=john}
2017-12-21 19:55:09 [main] DEBUG org.hibernate.SQL - insert into circle (createdDate, creatorId, circleName) values (?, ?, ?)
2017-12-21 19:55:09 [main] DEBUG o.h.h.i.ast.QueryTranslatorImpl - parse() - HQL: from com.stackroute.activitystream.model.UserCircle where username= 'john' and circleName= 'Spring'
2017-12-21 19:55:09 [main] DEBUG o.h.h.i.ast.QueryTranslatorImpl - --- HQL AST ---
 \-[QUERY] Node: 'query'
    +-[SELECT_FROM] Node: 'SELECT_FROM'
    |  \-[FROM] Node: 'from'
    |     \-[RANGE] Node: 'RANGE'
    |        \-[DOT] Node: '.'
    |           +-[DOT] Node: '.'
    |           |  +-[DOT] Node: '.'
    |           |  |  +-[DOT] Node: '.'
    |           |  |  |  +-[IDENT] Node: 'com'
    |           |  |  |  \-[IDENT] Node: 'stackroute'
    |           |  |  \-[IDENT] Node: 'activitystream'
    |           |  \-[IDENT] Node: 'model'
    |           \-[IDENT] Node: 'UserCircle'
    \-[WHERE] Node: 'where'
       \-[AND] Node: 'and'
          +-[EQ] Node: '='
          |  +-[IDENT] Node: 'username'
          |  \-[QUOTED_STRING] Node: ''john''
          \-[EQ] Node: '='
             +-[IDENT] Node: 'circleName'
             \-[QUOTED_STRING] Node: ''Spring''

2017-12-21 19:55:09 [main] DEBUG o.h.hql.internal.ast.ErrorCounter - throwQueryException() : no errors
2017-12-21 19:55:09 [main] DEBUG o.h.h.i.antlr.HqlSqlBaseWalker - select << begin [level=1, statement=select]
2017-12-21 19:55:09 [main] DEBUG o.h.h.internal.ast.tree.FromElement - FromClause{level=1} : com.stackroute.activitystream.model.UserCircle (<no alias>) -> usercircle0_
2017-12-21 19:55:09 [main] DEBUG o.h.h.i.ast.tree.FromReferenceNode - Resolved : {synthetic-alias} -> {synthetic-alias}
2017-12-21 19:55:09 [main] DEBUG o.h.hql.internal.ast.tree.DotNode - getDataType() : username -> org.hibernate.type.StringType@72a85671
2017-12-21 19:55:09 [main] DEBUG o.h.h.i.ast.tree.FromReferenceNode - Resolved : {synthetic-alias}.username -> usercircle0_.username
2017-12-21 19:55:09 [main] DEBUG o.h.h.i.ast.tree.FromReferenceNode - Resolved : {synthetic-alias} -> {synthetic-alias}
2017-12-21 19:55:09 [main] DEBUG o.h.hql.internal.ast.tree.DotNode - getDataType() : circleName -> org.hibernate.type.StringType@72a85671
2017-12-21 19:55:09 [main] DEBUG o.h.h.i.ast.tree.FromReferenceNode - Resolved : {synthetic-alias}.circleName -> usercircle0_.circleName
2017-12-21 19:55:09 [main] DEBUG o.h.h.i.antlr.HqlSqlBaseWalker - select : finishing up [level=1, statement=select]
2017-12-21 19:55:09 [main] DEBUG o.h.hql.internal.ast.HqlSqlWalker - processQuery() :  ( SELECT ( FromClause{level=1} userCircle usercircle0_ ) ( where ( and ( = ( usercircle0_.username {synthetic-alias} username ) 'john' ) ( = ( usercircle0_.circleName {synthetic-alias} circleName ) 'Spring' ) ) ) )
2017-12-21 19:55:09 [main] DEBUG o.h.hql.internal.ast.HqlSqlWalker - Derived SELECT clause created.
2017-12-21 19:55:09 [main] DEBUG o.h.h.i.ast.util.JoinProcessor - Using FROM fragment [userCircle usercircle0_]
2017-12-21 19:55:09 [main] DEBUG o.h.h.i.antlr.HqlSqlBaseWalker - select >> end [level=1, statement=select]
2017-12-21 19:55:09 [main] DEBUG o.h.h.i.ast.QueryTranslatorImpl - --- SQL AST ---
 \-[SELECT] QueryNode: 'SELECT'  querySpaces (userCircle)
    +-[SELECT_CLAUSE] SelectClause: '{derived select clause}'
    |  +-[SELECT_EXPR] SelectExpressionImpl: 'usercircle0_.userCircleId as userCirc1_3_' {FromElement{explicit,not a collection join,not a fetch join,fetch non-lazy properties,classAlias=null,role=null,tableName=userCircle,tableAlias=usercircle0_,origin=null,columns={,className=com.stackroute.activitystream.model.UserCircle}}}
    |  \-[SQL_TOKEN] SqlFragment: 'usercircle0_.circleName as circleNa2_3_, usercircle0_.username as username3_3_'
    +-[FROM] FromClause: 'from' FromClause{level=1, fromElementCounter=1, fromElements=1, fromElementByClassAlias=[], fromElementByTableAlias=[usercircle0_], fromElementsByPath=[], collectionJoinFromElementsByPath=[], impliedElements=[]}
    |  \-[FROM_FRAGMENT] FromElement: 'userCircle usercircle0_' FromElement{explicit,not a collection join,not a fetch join,fetch non-lazy properties,classAlias=null,role=null,tableName=userCircle,tableAlias=usercircle0_,origin=null,columns={,className=com.stackroute.activitystream.model.UserCircle}}
    \-[WHERE] SqlNode: 'where'
       \-[AND] SqlNode: 'and'
          +-[EQ] BinaryLogicOperatorNode: '='
          |  +-[DOT] DotNode: 'usercircle0_.username' {propertyName=username,dereferenceType=PRIMITIVE,getPropertyPath=username,path={synthetic-alias}.username,tableAlias=usercircle0_,className=com.stackroute.activitystream.model.UserCircle,classAlias=null}
          |  |  +-[IDENT] IdentNode: '{synthetic-alias}' {originalText={synthetic-alias}}
          |  |  \-[IDENT] IdentNode: 'username' {originalText=username}
          |  \-[QUOTED_STRING] LiteralNode: ''john''
          \-[EQ] BinaryLogicOperatorNode: '='
             +-[DOT] DotNode: 'usercircle0_.circleName' {propertyName=circleName,dereferenceType=PRIMITIVE,getPropertyPath=circleName,path={synthetic-alias}.circleName,tableAlias=usercircle0_,className=com.stackroute.activitystream.model.UserCircle,classAlias=null}
             |  +-[IDENT] IdentNode: '{synthetic-alias}' {originalText={synthetic-alias}}
             |  \-[IDENT] IdentNode: 'circleName' {originalText=circleName}
             \-[QUOTED_STRING] LiteralNode: ''Spring''

2017-12-21 19:55:09 [main] DEBUG o.h.hql.internal.ast.ErrorCounter - throwQueryException() : no errors
2017-12-21 19:55:09 [main] DEBUG o.h.h.i.ast.QueryTranslatorImpl - HQL: from com.stackroute.activitystream.model.UserCircle where username= 'john' and circleName= 'Spring'
2017-12-21 19:55:09 [main] DEBUG o.h.h.i.ast.QueryTranslatorImpl - SQL: select usercircle0_.userCircleId as userCirc1_3_, usercircle0_.circleName as circleNa2_3_, usercircle0_.username as username3_3_ from userCircle usercircle0_ where usercircle0_.username='john' and usercircle0_.circleName='Spring'
2017-12-21 19:55:09 [main] DEBUG o.h.hql.internal.ast.ErrorCounter - throwQueryException() : no errors
2017-12-21 19:55:09 [main] DEBUG o.h.e.i.AbstractFlushingEventListener - Processing flush-time cascades
2017-12-21 19:55:09 [main] DEBUG o.h.e.i.AbstractFlushingEventListener - Dirty checking collections
2017-12-21 19:55:09 [main] DEBUG o.h.e.i.AbstractFlushingEventListener - Flushed: 0 insertions, 0 updates, 0 deletions to 2 objects
2017-12-21 19:55:09 [main] DEBUG o.h.e.i.AbstractFlushingEventListener - Flushed: 0 (re)creations, 0 updates, 0 removals to 0 collections
2017-12-21 19:55:09 [main] DEBUG o.h.internal.util.EntityPrinter - Listing entities:
2017-12-21 19:55:09 [main] DEBUG o.h.internal.util.EntityPrinter - com.stackroute.activitystream.model.Circle{createdDate=2017-12-21 19:55:09.296, creatorId=John, circleName=Java}
2017-12-21 19:55:09 [main] DEBUG o.h.internal.util.EntityPrinter - com.stackroute.activitystream.model.User{password=password, name=John, username=john}
2017-12-21 19:55:09 [main] DEBUG org.hibernate.SQL - select usercircle0_.userCircleId as userCirc1_3_, usercircle0_.circleName as circleNa2_3_, usercircle0_.username as username3_3_ from userCircle usercircle0_ where usercircle0_.username='john' and usercircle0_.circleName='Spring'
2017-12-21 19:55:09 [main] DEBUG o.h.e.i.AbstractFlushingEventListener - Processing flush-time cascades
2017-12-21 19:55:09 [main] DEBUG o.h.e.i.AbstractFlushingEventListener - Dirty checking collections
2017-12-21 19:55:09 [main] DEBUG o.h.e.i.AbstractFlushingEventListener - Flushed: 0 insertions, 0 updates, 0 deletions to 2 objects
2017-12-21 19:55:09 [main] DEBUG o.h.e.i.AbstractFlushingEventListener - Flushed: 0 (re)creations, 0 updates, 0 removals to 0 collections
2017-12-21 19:55:09 [main] DEBUG o.h.internal.util.EntityPrinter - Listing entities:
2017-12-21 19:55:09 [main] DEBUG o.h.internal.util.EntityPrinter - com.stackroute.activitystream.model.Circle{createdDate=2017-12-21 19:55:09.296, creatorId=John, circleName=Java}
2017-12-21 19:55:09 [main] DEBUG o.h.internal.util.EntityPrinter - com.stackroute.activitystream.model.User{password=password, name=John, username=john}
2017-12-21 19:55:09 [main] DEBUG org.hibernate.SQL - select user0_.username as username1_2_, user0_.name as name2_2_, user0_.password as password3_2_ from user user0_ where user0_.username=?
2017-12-21 19:55:09 [main] DEBUG org.hibernate.loader.Loader - Result set row: 0
2017-12-21 19:55:09 [main] DEBUG org.hibernate.loader.Loader - Result row: EntityKey[com.stackroute.activitystream.model.User#john]
2017-12-21 19:55:09 [main] DEBUG o.h.e.i.AbstractFlushingEventListener - Processing flush-time cascades
2017-12-21 19:55:09 [main] DEBUG o.h.e.i.AbstractFlushingEventListener - Dirty checking collections
2017-12-21 19:55:09 [main] DEBUG o.h.e.i.AbstractFlushingEventListener - Flushed: 0 insertions, 0 updates, 0 deletions to 2 objects
2017-12-21 19:55:09 [main] DEBUG o.h.e.i.AbstractFlushingEventListener - Flushed: 0 (re)creations, 0 updates, 0 removals to 0 collections
2017-12-21 19:55:09 [main] DEBUG o.h.internal.util.EntityPrinter - Listing entities:
2017-12-21 19:55:09 [main] DEBUG o.h.internal.util.EntityPrinter - com.stackroute.activitystream.model.Circle{createdDate=2017-12-21 19:55:09.296, creatorId=John, circleName=Java}
2017-12-21 19:55:09 [main] DEBUG o.h.internal.util.EntityPrinter - com.stackroute.activitystream.model.User{password=password, name=John, username=john}
2017-12-21 19:55:09 [main] DEBUG org.hibernate.SQL - select user0_.username as username1_2_, user0_.name as name2_2_, user0_.password as password3_2_ from user user0_ where user0_.username=?
2017-12-21 19:55:09 [main] DEBUG org.hibernate.loader.Loader - Result set row: 0
2017-12-21 19:55:09 [main] DEBUG org.hibernate.loader.Loader - Result row: EntityKey[com.stackroute.activitystream.model.User#john]
2017-12-21 19:55:09 [main] DEBUG o.h.e.i.AbstractFlushingEventListener - Processing flush-time cascades
2017-12-21 19:55:09 [main] DEBUG o.h.e.i.AbstractFlushingEventListener - Dirty checking collections
2017-12-21 19:55:09 [main] DEBUG o.h.e.i.AbstractFlushingEventListener - Flushed: 0 insertions, 0 updates, 0 deletions to 2 objects
2017-12-21 19:55:09 [main] DEBUG o.h.e.i.AbstractFlushingEventListener - Flushed: 0 (re)creations, 0 updates, 0 removals to 0 collections
2017-12-21 19:55:09 [main] DEBUG o.h.internal.util.EntityPrinter - Listing entities:
2017-12-21 19:55:09 [main] DEBUG o.h.internal.util.EntityPrinter - com.stackroute.activitystream.model.Circle{createdDate=2017-12-21 19:55:09.296, creatorId=John, circleName=Java}
2017-12-21 19:55:09 [main] DEBUG o.h.internal.util.EntityPrinter - com.stackroute.activitystream.model.User{password=password, name=John, username=john}
2017-12-21 19:55:09 [main] DEBUG org.hibernate.SQL - select user0_.username as username1_2_, user0_.name as name2_2_, user0_.password as password3_2_ from user user0_ where user0_.username=?
2017-12-21 19:55:09 [main] DEBUG org.hibernate.loader.Loader - Result set row: 0
2017-12-21 19:55:09 [main] DEBUG org.hibernate.loader.Loader - Result row: EntityKey[com.stackroute.activitystream.model.User#john]
2017-12-21 19:55:09 [main] DEBUG o.h.e.i.AbstractFlushingEventListener - Processing flush-time cascades
2017-12-21 19:55:09 [main] DEBUG o.h.e.i.AbstractFlushingEventListener - Dirty checking collections
2017-12-21 19:55:09 [main] DEBUG o.h.e.i.AbstractFlushingEventListener - Flushed: 0 insertions, 0 updates, 0 deletions to 2 objects
2017-12-21 19:55:09 [main] DEBUG o.h.e.i.AbstractFlushingEventListener - Flushed: 0 (re)creations, 0 updates, 0 removals to 0 collections
2017-12-21 19:55:09 [main] DEBUG o.h.internal.util.EntityPrinter - Listing entities:
2017-12-21 19:55:09 [main] DEBUG o.h.internal.util.EntityPrinter - com.stackroute.activitystream.model.Circle{createdDate=2017-12-21 19:55:09.296, creatorId=John, circleName=Java}
2017-12-21 19:55:09 [main] DEBUG o.h.internal.util.EntityPrinter - com.stackroute.activitystream.model.User{password=password, name=John, username=john}
2017-12-21 19:55:09 [main] DEBUG org.hibernate.SQL - select user0_.username as username1_2_, user0_.name as name2_2_, user0_.password as password3_2_ from user user0_ where user0_.username=?
2017-12-21 19:55:09 [main] DEBUG org.hibernate.loader.Loader - Result set row: 0
2017-12-21 19:55:09 [main] DEBUG org.hibernate.loader.Loader - Result row: EntityKey[com.stackroute.activitystream.model.User#john]
2017-12-21 19:55:09 [main] DEBUG o.h.e.i.AbstractFlushingEventListener - Processing flush-time cascades
2017-12-21 19:55:09 [main] DEBUG o.h.e.i.AbstractFlushingEventListener - Dirty checking collections
2017-12-21 19:55:09 [main] DEBUG o.h.e.i.AbstractFlushingEventListener - Flushed: 0 insertions, 0 updates, 1 deletions to 2 objects
2017-12-21 19:55:09 [main] DEBUG o.h.e.i.AbstractFlushingEventListener - Flushed: 0 (re)creations, 0 updates, 0 removals to 0 collections
2017-12-21 19:55:09 [main] DEBUG o.h.internal.util.EntityPrinter - Listing entities:
2017-12-21 19:55:09 [main] DEBUG o.h.internal.util.EntityPrinter - com.stackroute.activitystream.model.Circle{createdDate=2017-12-21 19:55:09.296, creatorId=John, circleName=Java}
2017-12-21 19:55:09 [main] DEBUG o.h.internal.util.EntityPrinter - com.stackroute.activitystream.model.User{password=password, name=John, username=john}
2017-12-21 19:55:09 [main] DEBUG org.hibernate.SQL - delete from user where username=?
2017-12-21 19:55:09 [main] DEBUG o.h.e.i.AbstractFlushingEventListener - Processing flush-time cascades
2017-12-21 19:55:09 [main] DEBUG o.h.e.i.AbstractFlushingEventListener - Dirty checking collections
2017-12-21 19:55:09 [main] DEBUG o.h.e.i.AbstractFlushingEventListener - Flushed: 0 insertions, 0 updates, 0 deletions to 1 objects
2017-12-21 19:55:09 [main] DEBUG o.h.e.i.AbstractFlushingEventListener - Flushed: 0 (re)creations, 0 updates, 0 removals to 0 collections
2017-12-21 19:55:09 [main] DEBUG o.h.internal.util.EntityPrinter - Listing entities:
2017-12-21 19:55:09 [main] DEBUG o.h.internal.util.EntityPrinter - com.stackroute.activitystream.model.Circle{createdDate=2017-12-21 19:55:09.296, creatorId=John, circleName=Java}
2017-12-21 19:55:09 [main] DEBUG org.hibernate.SQL - select circle0_.circleName as circleNa1_0_, circle0_.createdDate as createdD2_0_, circle0_.creatorId as creatorI3_0_ from circle circle0_ where circle0_.circleName=?
2017-12-21 19:55:09 [main] DEBUG org.hibernate.loader.Loader - Result set row: 0
2017-12-21 19:55:09 [main] DEBUG org.hibernate.loader.Loader - Result row: EntityKey[com.stackroute.activitystream.model.Circle#Java]
2017-12-21 19:55:09 [main] DEBUG o.h.e.i.AbstractFlushingEventListener - Processing flush-time cascades
2017-12-21 19:55:09 [main] DEBUG o.h.e.i.AbstractFlushingEventListener - Dirty checking collections
2017-12-21 19:55:09 [main] DEBUG o.h.e.i.AbstractFlushingEventListener - Flushed: 0 insertions, 0 updates, 0 deletions to 1 objects
2017-12-21 19:55:09 [main] DEBUG o.h.e.i.AbstractFlushingEventListener - Flushed: 0 (re)creations, 0 updates, 0 removals to 0 collections
2017-12-21 19:55:09 [main] DEBUG o.h.internal.util.EntityPrinter - Listing entities:
2017-12-21 19:55:09 [main] DEBUG o.h.internal.util.EntityPrinter - com.stackroute.activitystream.model.Circle{createdDate=2017-12-21 19:55:09.296, creatorId=John, circleName=Java}
2017-12-21 19:55:09 [main] DEBUG org.hibernate.SQL - select circle0_.circleName as circleNa1_0_, circle0_.createdDate as createdD2_0_, circle0_.creatorId as creatorI3_0_ from circle circle0_ where circle0_.circleName=?
2017-12-21 19:55:09 [main] DEBUG org.hibernate.loader.Loader - Result set row: 0
2017-12-21 19:55:09 [main] DEBUG org.hibernate.loader.Loader - Result row: EntityKey[com.stackroute.activitystream.model.Circle#Java]
2017-12-21 19:55:09 [main] DEBUG o.h.e.i.AbstractFlushingEventListener - Processing flush-time cascades
2017-12-21 19:55:09 [main] DEBUG o.h.e.i.AbstractFlushingEventListener - Dirty checking collections
2017-12-21 19:55:09 [main] DEBUG o.h.e.i.AbstractFlushingEventListener - Flushed: 0 insertions, 0 updates, 1 deletions to 1 objects
2017-12-21 19:55:09 [main] DEBUG o.h.e.i.AbstractFlushingEventListener - Flushed: 0 (re)creations, 0 updates, 0 removals to 0 collections
2017-12-21 19:55:09 [main] DEBUG o.h.internal.util.EntityPrinter - Listing entities:
2017-12-21 19:55:09 [main] DEBUG o.h.internal.util.EntityPrinter - com.stackroute.activitystream.model.Circle{createdDate=2017-12-21 19:55:09.296, creatorId=John, circleName=Java}
2017-12-21 19:55:09 [main] DEBUG org.hibernate.SQL - delete from circle where circleName=?
2017-12-21 19:55:09 [main] DEBUG o.h.e.t.internal.TransactionImpl - rolling back
2017-12-21 19:55:09 [main] DEBUG o.h.e.j.internal.JdbcCoordinatorImpl - HHH000420: Closing un-released batch
2017-12-21 19:55:09 [main] DEBUG o.h.e.t.internal.TransactionImpl - begin
2017-12-21 19:55:09 [main] DEBUG org.hibernate.SQL - select user0_.username as username1_2_, user0_.name as name2_2_, user0_.password as password3_2_ from user user0_ where user0_.username=?
2017-12-21 19:55:09 [main] DEBUG org.hibernate.SQL - select circle0_.circleName as circleNa1_0_, circle0_.createdDate as createdD2_0_, circle0_.creatorId as creatorI3_0_ from circle circle0_ where circle0_.circleName=?
2017-12-21 19:55:09 [main] DEBUG o.h.e.i.AbstractSaveEventListener - Generated identifier: john, using strategy: org.hibernate.id.Assigned
2017-12-21 19:55:09 [main] DEBUG o.h.e.i.AbstractFlushingEventListener - Processing flush-time cascades
2017-12-21 19:55:09 [main] DEBUG o.h.e.i.AbstractFlushingEventListener - Dirty checking collections
2017-12-21 19:55:09 [main] DEBUG o.h.e.i.AbstractFlushingEventListener - Flushed: 1 insertions, 0 updates, 0 deletions to 1 objects
2017-12-21 19:55:09 [main] DEBUG o.h.e.i.AbstractFlushingEventListener - Flushed: 0 (re)creations, 0 updates, 0 removals to 0 collections
2017-12-21 19:55:09 [main] DEBUG o.h.internal.util.EntityPrinter - Listing entities:
2017-12-21 19:55:09 [main] DEBUG o.h.internal.util.EntityPrinter - com.stackroute.activitystream.model.User{password=password, name=John, username=john}
2017-12-21 19:55:09 [main] DEBUG org.hibernate.SQL - insert into user (name, password, username) values (?, ?, ?)
2017-12-21 19:55:09 [main] DEBUG o.h.e.i.AbstractFlushingEventListener - Processing flush-time cascades
2017-12-21 19:55:09 [main] DEBUG o.h.e.i.AbstractFlushingEventListener - Dirty checking collections
2017-12-21 19:55:09 [main] DEBUG o.h.e.i.AbstractFlushingEventListener - Flushed: 0 insertions, 0 updates, 0 deletions to 1 objects
2017-12-21 19:55:09 [main] DEBUG o.h.e.i.AbstractFlushingEventListener - Flushed: 0 (re)creations, 0 updates, 0 removals to 0 collections
2017-12-21 19:55:09 [main] DEBUG o.h.internal.util.EntityPrinter - Listing entities:
2017-12-21 19:55:09 [main] DEBUG o.h.internal.util.EntityPrinter - com.stackroute.activitystream.model.User{password=password, name=John, username=john}
2017-12-21 19:55:09 [main] DEBUG org.hibernate.SQL - select user0_.username as username1_2_, user0_.name as name2_2_, user0_.password as password3_2_ from user user0_ where user0_.username=?
2017-12-21 19:55:09 [main] DEBUG org.hibernate.loader.Loader - Result set row: 0
2017-12-21 19:55:09 [main] DEBUG org.hibernate.loader.Loader - Result row: EntityKey[com.stackroute.activitystream.model.User#john]
2017-12-21 19:55:09 [main] DEBUG o.h.e.i.AbstractFlushingEventListener - Processing flush-time cascades
2017-12-21 19:55:09 [main] DEBUG o.h.e.i.AbstractFlushingEventListener - Dirty checking collections
2017-12-21 19:55:09 [main] DEBUG o.h.e.i.AbstractFlushingEventListener - Flushed: 0 insertions, 0 updates, 0 deletions to 1 objects
2017-12-21 19:55:09 [main] DEBUG o.h.e.i.AbstractFlushingEventListener - Flushed: 0 (re)creations, 0 updates, 0 removals to 0 collections
2017-12-21 19:55:09 [main] DEBUG o.h.internal.util.EntityPrinter - Listing entities:
2017-12-21 19:55:09 [main] DEBUG o.h.internal.util.EntityPrinter - com.stackroute.activitystream.model.User{password=password, name=John, username=john}
2017-12-21 19:55:09 [main] DEBUG org.hibernate.SQL - select user0_.username as username1_2_, user0_.name as name2_2_, user0_.password as password3_2_ from user user0_ where user0_.username=?
2017-12-21 19:55:09 [main] DEBUG org.hibernate.loader.Loader - Result set row: 0
2017-12-21 19:55:09 [main] DEBUG org.hibernate.loader.Loader - Result row: EntityKey[com.stackroute.activitystream.model.User#john]
2017-12-21 19:55:09 [main] DEBUG o.h.e.i.AbstractSaveEventListener - Generated identifier: Java, using strategy: org.hibernate.id.Assigned
2017-12-21 19:55:09 [main] DEBUG o.h.e.i.AbstractFlushingEventListener - Processing flush-time cascades
2017-12-21 19:55:09 [main] DEBUG o.h.e.i.AbstractFlushingEventListener - Dirty checking collections
2017-12-21 19:55:09 [main] DEBUG o.h.e.i.AbstractFlushingEventListener - Flushed: 1 insertions, 0 updates, 0 deletions to 2 objects
2017-12-21 19:55:09 [main] DEBUG o.h.e.i.AbstractFlushingEventListener - Flushed: 0 (re)creations, 0 updates, 0 removals to 0 collections
2017-12-21 19:55:09 [main] DEBUG o.h.internal.util.EntityPrinter - Listing entities:
2017-12-21 19:55:09 [main] DEBUG o.h.internal.util.EntityPrinter - com.stackroute.activitystream.model.Circle{createdDate=2017-12-21 19:55:09.328, creatorId=John, circleName=Java}
2017-12-21 19:55:09 [main] DEBUG o.h.internal.util.EntityPrinter - com.stackroute.activitystream.model.User{password=password, name=John, username=john}
2017-12-21 19:55:09 [main] DEBUG org.hibernate.SQL - insert into circle (createdDate, creatorId, circleName) values (?, ?, ?)
2017-12-21 19:55:09 [main] DEBUG o.h.e.i.AbstractFlushingEventListener - Processing flush-time cascades
2017-12-21 19:55:09 [main] DEBUG o.h.e.i.AbstractFlushingEventListener - Dirty checking collections
2017-12-21 19:55:09 [main] DEBUG o.h.e.i.AbstractFlushingEventListener - Flushed: 0 insertions, 0 updates, 0 deletions to 2 objects
2017-12-21 19:55:09 [main] DEBUG o.h.e.i.AbstractFlushingEventListener - Flushed: 0 (re)creations, 0 updates, 0 removals to 0 collections
2017-12-21 19:55:09 [main] DEBUG o.h.internal.util.EntityPrinter - Listing entities:
2017-12-21 19:55:09 [main] DEBUG o.h.internal.util.EntityPrinter - com.stackroute.activitystream.model.Circle{createdDate=2017-12-21 19:55:09.328, creatorId=John, circleName=Java}
2017-12-21 19:55:09 [main] DEBUG o.h.internal.util.EntityPrinter - com.stackroute.activitystream.model.User{password=password, name=John, username=john}
2017-12-21 19:55:09 [main] DEBUG org.hibernate.SQL - select circle0_.circleName as circleNa1_0_, circle0_.createdDate as createdD2_0_, circle0_.creatorId as creatorI3_0_ from circle circle0_ where circle0_.circleName=?
2017-12-21 19:55:09 [main] DEBUG org.hibernate.loader.Loader - Result set row: 0
2017-12-21 19:55:09 [main] DEBUG org.hibernate.loader.Loader - Result row: EntityKey[com.stackroute.activitystream.model.Circle#Java]
2017-12-21 19:55:09 [main] DEBUG o.h.e.i.AbstractFlushingEventListener - Processing flush-time cascades
2017-12-21 19:55:09 [main] DEBUG o.h.e.i.AbstractFlushingEventListener - Dirty checking collections
2017-12-21 19:55:09 [main] DEBUG o.h.e.i.AbstractFlushingEventListener - Flushed: 0 insertions, 0 updates, 0 deletions to 2 objects
2017-12-21 19:55:09 [main] DEBUG o.h.e.i.AbstractFlushingEventListener - Flushed: 0 (re)creations, 0 updates, 0 removals to 0 collections
2017-12-21 19:55:09 [main] DEBUG o.h.internal.util.EntityPrinter - Listing entities:
2017-12-21 19:55:09 [main] DEBUG o.h.internal.util.EntityPrinter - com.stackroute.activitystream.model.Circle{createdDate=2017-12-21 19:55:09.328, creatorId=John, circleName=Java}
2017-12-21 19:55:09 [main] DEBUG o.h.internal.util.EntityPrinter - com.stackroute.activitystream.model.User{password=password, name=John, username=john}
2017-12-21 19:55:09 [main] DEBUG org.hibernate.SQL - select user0_.username as username1_2_, user0_.name as name2_2_, user0_.password as password3_2_ from user user0_ where user0_.username=?
2017-12-21 19:55:09 [main] DEBUG org.hibernate.loader.Loader - Result set row: 0
2017-12-21 19:55:09 [main] DEBUG org.hibernate.loader.Loader - Result row: EntityKey[com.stackroute.activitystream.model.User#john]
2017-12-21 19:55:09 [main] DEBUG o.h.e.i.AbstractFlushingEventListener - Processing flush-time cascades
2017-12-21 19:55:09 [main] DEBUG o.h.e.i.AbstractFlushingEventListener - Dirty checking collections
2017-12-21 19:55:09 [main] DEBUG o.h.e.i.AbstractFlushingEventListener - Flushed: 0 insertions, 0 updates, 0 deletions to 2 objects
2017-12-21 19:55:09 [main] DEBUG o.h.e.i.AbstractFlushingEventListener - Flushed: 0 (re)creations, 0 updates, 0 removals to 0 collections
2017-12-21 19:55:09 [main] DEBUG o.h.internal.util.EntityPrinter - Listing entities:
2017-12-21 19:55:09 [main] DEBUG o.h.internal.util.EntityPrinter - com.stackroute.activitystream.model.Circle{createdDate=2017-12-21 19:55:09.328, creatorId=John, circleName=Java}
2017-12-21 19:55:09 [main] DEBUG o.h.internal.util.EntityPrinter - com.stackroute.activitystream.model.User{password=password, name=John, username=john}
2017-12-21 19:55:09 [main] DEBUG org.hibernate.SQL - select user0_.username as username1_2_, user0_.name as name2_2_, user0_.password as password3_2_ from user user0_ where user0_.username=?
2017-12-21 19:55:09 [main] DEBUG org.hibernate.loader.Loader - Result set row: 0
2017-12-21 19:55:09 [main] DEBUG org.hibernate.loader.Loader - Result row: EntityKey[com.stackroute.activitystream.model.User#john]
2017-12-21 19:55:09 [main] DEBUG o.h.e.i.AbstractFlushingEventListener - Processing flush-time cascades
2017-12-21 19:55:09 [main] DEBUG o.h.e.i.AbstractFlushingEventListener - Dirty checking collections
