2017-12-21 19:55:06 [main] DEBUG c.j.j.internal.path.CompiledPath - Evaluating path: $['username']
2017-12-21 19:55:06 [main] DEBUG c.j.j.internal.path.CompiledPath - Evaluating path: $['password']
2017-12-21 19:55:07 [main] DEBUG c.j.j.internal.path.CompiledPath - Evaluating path: $['username']
2017-12-21 19:55:07 [main] DEBUG c.j.j.internal.path.CompiledPath - Evaluating path: $['password']
2017-12-21 19:55:07 [main] DEBUG c.j.j.internal.path.CompiledPath - Evaluating path: $['username']
2017-12-21 19:55:07 [main] DEBUG c.j.j.internal.path.CompiledPath - Evaluating path: $['password']
2017-12-21 19:55:07 [main] DEBUG c.j.j.internal.path.CompiledPath - Evaluating path: $['username']
2017-12-21 19:55:07 [main] DEBUG c.j.j.internal.path.CompiledPath - Evaluating path: $['password']
2017-12-21 19:55:07 [main] DEBUG c.j.j.internal.path.CompiledPath - Evaluating path: $
2017-12-21 19:55:07 [main] DEBUG c.j.j.internal.path.CompiledPath - Evaluating path: $[0]
2017-12-21 19:55:07 [main] DEBUG c.j.j.internal.path.CompiledPath - Evaluating path: $[1]
2017-12-21 19:55:07 [main] DEBUG c.j.j.internal.path.CompiledPath - Evaluating path: $[2]
2017-12-21 19:55:07 [main] DEBUG c.j.j.internal.path.CompiledPath - Evaluating path: $['username']
2017-12-21 19:55:07 [main] DEBUG c.j.j.internal.path.CompiledPath - Evaluating path: $['password']
2017-12-21 19:55:07 [main] DEBUG c.j.j.internal.path.CompiledPath - Evaluating path: $['username']
2017-12-21 19:55:07 [main] DEBUG c.j.j.internal.path.CompiledPath - Evaluating path: $['password']
2017-12-21 19:55:07 [main] DEBUG c.j.j.internal.path.CompiledPath - Evaluating path: $['username']
2017-12-21 19:55:07 [main] DEBUG c.j.j.internal.path.CompiledPath - Evaluating path: $['password']
2017-12-21 19:55:07 [main] DEBUG c.j.j.internal.path.CompiledPath - Evaluating path: $['username']
2017-12-21 19:55:07 [main] DEBUG c.j.j.internal.path.CompiledPath - Evaluating path: $['password']
2017-12-21 19:55:07 [main] DEBUG c.j.j.internal.path.CompiledPath - Evaluating path: $
2017-12-21 19:55:07 [main] DEBUG c.j.j.internal.path.CompiledPath - Evaluating path: $[0]['senderName']
2017-12-21 19:55:07 [main] DEBUG c.j.j.internal.path.CompiledPath - Evaluating path: $[0]['circleName']
2017-12-21 19:55:07 [main] DEBUG c.j.j.internal.path.CompiledPath - Evaluating path: $[0]['streamType']
2017-12-21 19:55:07 [main] DEBUG c.j.j.internal.path.CompiledPath - Evaluating path: $[0]['message']
2017-12-21 19:55:07 [main] DEBUG c.j.j.internal.path.CompiledPath - Evaluating path: $[0]['tag']
2017-12-21 19:55:07 [main] DEBUG c.j.j.internal.path.CompiledPath - Evaluating path: $[1]['senderName']
2017-12-21 19:55:07 [main] DEBUG c.j.j.internal.path.CompiledPath - Evaluating path: $[1]['circleName']
2017-12-21 19:55:07 [main] DEBUG c.j.j.internal.path.CompiledPath - Evaluating path: $[1]['streamType']
2017-12-21 19:55:07 [main] DEBUG c.j.j.internal.path.CompiledPath - Evaluating path: $[1]['message']
2017-12-21 19:55:07 [main] DEBUG c.j.j.internal.path.CompiledPath - Evaluating path: $[1]['tag']
2017-12-21 19:55:07 [main] DEBUG c.j.j.internal.path.CompiledPath - Evaluating path: $[2]['senderName']
2017-12-21 19:55:07 [main] DEBUG c.j.j.internal.path.CompiledPath - Evaluating path: $[2]['circleName']
2017-12-21 19:55:07 [main] DEBUG c.j.j.internal.path.CompiledPath - Evaluating path: $[2]['streamType']
2017-12-21 19:55:07 [main] DEBUG c.j.j.internal.path.CompiledPath - Evaluating path: $[2]['message']
2017-12-21 19:55:07 [main] DEBUG c.j.j.internal.path.CompiledPath - Evaluating path: $[2]['tag']
2017-12-21 19:55:07 [main] DEBUG c.j.j.internal.path.CompiledPath - Evaluating path: $['username']
2017-12-21 19:55:07 [main] DEBUG c.j.j.internal.path.CompiledPath - Evaluating path: $['password']
2017-12-21 19:55:07 [main] DEBUG c.j.j.internal.path.CompiledPath - Evaluating path: $['username']
2017-12-21 19:55:07 [main] DEBUG c.j.j.internal.path.CompiledPath - Evaluating path: $['password']
2017-12-21 19:55:08 [main] DEBUG c.j.j.internal.path.CompiledPath - Evaluating path: $['username']
2017-12-21 19:55:08 [main] DEBUG c.j.j.internal.path.CompiledPath - Evaluating path: $['password']
2017-12-21 19:55:08 [main] DEBUG c.j.j.internal.path.CompiledPath - Evaluating path: $['username']
2017-12-21 19:55:08 [main] DEBUG c.j.j.internal.path.CompiledPath - Evaluating path: $['password']
2017-12-21 19:55:08 [main] DEBUG c.j.j.internal.path.CompiledPath - Evaluating path: $['username']
2017-12-21 19:55:08 [main] DEBUG c.j.j.internal.path.CompiledPath - Evaluating path: $['password']
2017-12-21 19:55:08 [main] DEBUG c.j.j.internal.path.CompiledPath - Evaluating path: $
2017-12-21 19:55:08 [main] DEBUG c.j.j.internal.path.CompiledPath - Evaluating path: $[0]
2017-12-21 19:55:08 [main] DEBUG c.j.j.internal.path.CompiledPath - Evaluating path: $[1]
2017-12-21 19:55:08 [main] DEBUG c.j.j.internal.path.CompiledPath - Evaluating path: $['username']
2017-12-21 19:55:08 [main] DEBUG c.j.j.internal.path.CompiledPath - Evaluating path: $['password']
2017-12-21 19:55:08 [main] DEBUG c.j.j.internal.path.CompiledPath - Evaluating path: $
2017-12-21 19:55:08 [main] DEBUG c.j.j.internal.path.CompiledPath - Evaluating path: $[0]['senderName']
2017-12-21 19:55:08 [main] DEBUG c.j.j.internal.path.CompiledPath - Evaluating path: $[0]['circleName']
2017-12-21 19:55:08 [main] DEBUG c.j.j.internal.path.CompiledPath - Evaluating path: $[0]['streamType']
2017-12-21 19:55:08 [main] DEBUG c.j.j.internal.path.CompiledPath - Evaluating path: $[0]['message']
2017-12-21 19:55:08 [main] DEBUG c.j.j.internal.path.CompiledPath - Evaluating path: $[1]['senderName']
2017-12-21 19:55:08 [main] DEBUG c.j.j.internal.path.CompiledPath - Evaluating path: $[1]['circleName']
2017-12-21 19:55:08 [main] DEBUG c.j.j.internal.path.CompiledPath - Evaluating path: $[1]['streamType']
2017-12-21 19:55:08 [main] DEBUG c.j.j.internal.path.CompiledPath - Evaluating path: $[1]['message']
2017-12-21 19:55:08 [main] DEBUG c.j.j.internal.path.CompiledPath - Evaluating path: $[2]['senderName']
2017-12-21 19:55:08 [main] DEBUG c.j.j.internal.path.CompiledPath - Evaluating path: $[2]['circleName']
2017-12-21 19:55:08 [main] DEBUG c.j.j.internal.path.CompiledPath - Evaluating path: $[2]['streamType']
2017-12-21 19:55:08 [main] DEBUG c.j.j.internal.path.CompiledPath - Evaluating path: $[2]['message']
2017-12-21 19:55:08 [main] DEBUG c.j.j.internal.path.CompiledPath - Evaluating path: $['username']
2017-12-21 19:55:08 [main] DEBUG c.j.j.internal.path.CompiledPath - Evaluating path: $['password']
2017-12-21 19:55:08 [main] DEBUG c.j.j.internal.path.CompiledPath - Evaluating path: $
2017-12-21 19:55:08 [main] DEBUG c.j.j.internal.path.CompiledPath - Evaluating path: $[0]['senderName']
2017-12-21 19:55:08 [main] DEBUG c.j.j.internal.path.CompiledPath - Evaluating path: $[0]['receiverId']
2017-12-21 19:55:08 [main] DEBUG c.j.j.internal.path.CompiledPath - Evaluating path: $[0]['streamType']
2017-12-21 19:55:08 [main] DEBUG c.j.j.internal.path.CompiledPath - Evaluating path: $[0]['message']
2017-12-21 19:55:08 [main] DEBUG c.j.j.internal.path.CompiledPath - Evaluating path: $[1]['senderName']
2017-12-21 19:55:08 [main] DEBUG c.j.j.internal.path.CompiledPath - Evaluating path: $[1]['receiverId']
2017-12-21 19:55:08 [main] DEBUG c.j.j.internal.path.CompiledPath - Evaluating path: $[1]['streamType']
2017-12-21 19:55:08 [main] DEBUG c.j.j.internal.path.CompiledPath - Evaluating path: $[1]['message']
2017-12-21 19:55:08 [main] DEBUG c.j.j.internal.path.CompiledPath - Evaluating path: $[2]['senderName']
2017-12-21 19:55:08 [main] DEBUG c.j.j.internal.path.CompiledPath - Evaluating path: $[2]['receiverId']
2017-12-21 19:55:08 [main] DEBUG c.j.j.internal.path.CompiledPath - Evaluating path: $[2]['streamType']
2017-12-21 19:55:08 [main] DEBUG c.j.j.internal.path.CompiledPath - Evaluating path: $[2]['message']
2017-12-21 19:55:08 [main] DEBUG c.j.j.internal.path.CompiledPath - Evaluating path: $['username']
2017-12-21 19:55:08 [main] DEBUG c.j.j.internal.path.CompiledPath - Evaluating path: $['password']
2017-12-21 19:55:08 [main] DEBUG c.j.j.internal.path.CompiledPath - Evaluating path: $['username']
2017-12-21 19:55:08 [main] DEBUG c.j.j.internal.path.CompiledPath - Evaluating path: $['password']
2017-12-21 19:55:08 [main] DEBUG c.j.j.internal.path.CompiledPath - Evaluating path: $
2017-12-21 19:55:08 [main] DEBUG c.j.j.internal.path.CompiledPath - Evaluating path: $[0]['circleName']
2017-12-21 19:55:08 [main] DEBUG c.j.j.internal.path.CompiledPath - Evaluating path: $[0]['creatorId']
2017-12-21 19:55:08 [main] DEBUG c.j.j.internal.path.CompiledPath - Evaluating path: $[1]['circleName']
2017-12-21 19:55:08 [main] DEBUG c.j.j.internal.path.CompiledPath - Evaluating path: $[1]['creatorId']
2017-12-21 19:55:08 [main] DEBUG c.j.j.internal.path.CompiledPath - Evaluating path: $['username']
2017-12-21 19:55:08 [main] DEBUG c.j.j.internal.path.CompiledPath - Evaluating path: $['password']
2017-12-21 19:55:08 [main] DEBUG c.j.j.internal.path.CompiledPath - Evaluating path: $
2017-12-21 19:55:08 [main] DEBUG c.j.j.internal.path.CompiledPath - Evaluating path: $[0]['circleName']
2017-12-21 19:55:08 [main] DEBUG c.j.j.internal.path.CompiledPath - Evaluating path: $[0]['creatorId']
2017-12-21 19:55:08 [main] DEBUG c.j.j.internal.path.CompiledPath - Evaluating path: $[1]['circleName']
2017-12-21 19:55:08 [main] DEBUG c.j.j.internal.path.CompiledPath - Evaluating path: $[1]['creatorId']
2017-12-21 19:55:08 [main] DEBUG c.j.j.internal.path.CompiledPath - Evaluating path: $['username']
2017-12-21 19:55:08 [main] DEBUG c.j.j.internal.path.CompiledPath - Evaluating path: $['password']
2017-12-21 19:55:08 [main] DEBUG c.j.j.internal.path.CompiledPath - Evaluating path: $['circleName']
2017-12-21 19:55:08 [main] DEBUG c.j.j.internal.path.CompiledPath - Evaluating path: $['creatorId']
2017-12-21 19:55:08 [main] DEBUG c.j.j.internal.path.CompiledPath - Evaluating path: $['username']
2017-12-21 19:55:08 [main] DEBUG c.j.j.internal.path.CompiledPath - Evaluating path: $['password']
2017-12-21 19:55:08 [main] DEBUG c.j.j.internal.path.CompiledPath - Evaluating path: $['username']
2017-12-21 19:55:08 [main] DEBUG c.j.j.internal.path.CompiledPath - Evaluating path: $['name']
2017-12-21 19:55:08 [main] DEBUG c.j.j.internal.path.CompiledPath - Evaluating path: $['password']
2017-12-21 19:55:08 [main] DEBUG c.j.j.internal.path.CompiledPath - Evaluating path: $['username']
2017-12-21 19:55:08 [main] DEBUG c.j.j.internal.path.CompiledPath - Evaluating path: $['password']
2017-12-21 19:55:08 [main] DEBUG c.j.j.internal.path.CompiledPath - Evaluating path: $
2017-12-21 19:55:08 [main] DEBUG c.j.j.internal.path.CompiledPath - Evaluating path: $[0]['username']
2017-12-21 19:55:08 [main] DEBUG c.j.j.internal.path.CompiledPath - Evaluating path: $[0]['name']
2017-12-21 19:55:08 [main] DEBUG c.j.j.internal.path.CompiledPath - Evaluating path: $[0]['password']
2017-12-21 19:55:08 [main] DEBUG c.j.j.internal.path.CompiledPath - Evaluating path: $[1]['username']
2017-12-21 19:55:08 [main] DEBUG c.j.j.internal.path.CompiledPath - Evaluating path: $[1]['name']
2017-12-21 19:55:08 [main] DEBUG c.j.j.internal.path.CompiledPath - Evaluating path: $[1]['password']
