2017-12-21 19:55:04 [main] DEBUG org.hibernate.SQL - select circle0_.circleName as circleNa1_0_, circle0_.createdDate as createdD2_0_, circle0_.creatorId as creatorI3_0_ from circle circle0_ where circle0_.circleName=?
2017-12-21 19:55:04 [main] DEBUG org.hibernate.loader.Loader - Result set row: 0
2017-12-21 19:55:04 [main] DEBUG org.hibernate.loader.Loader - Result row: EntityKey[com.stackroute.activitystream.model.Circle#Java]
2017-12-21 19:55:04 [main] DEBUG o.h.e.i.AbstractFlushingEventListener - Processing flush-time cascades
2017-12-21 19:55:04 [main] DEBUG o.h.e.i.AbstractFlushingEventListener - Dirty checking collections
2017-12-21 19:55:04 [main] DEBUG o.h.e.i.AbstractFlushingEventListener - Flushed: 0 insertions, 0 updates, 1 deletions to 1 objects
2017-12-21 19:55:04 [main] DEBUG o.h.e.i.AbstractFlushingEventListener - Flushed: 0 (re)creations, 0 updates, 0 removals to 0 collections
2017-12-21 19:55:04 [main] DEBUG o.h.internal.util.EntityPrinter - Listing entities:
2017-12-21 19:55:04 [main] DEBUG o.h.internal.util.EntityPrinter - com.stackroute.activitystream.model.Circle{createdDate=2017-12-21 19:55:04.891, creatorId=John, circleName=Java}
2017-12-21 19:55:04 [main] DEBUG org.hibernate.SQL - delete from circle where circleName=?
2017-12-21 19:55:04 [main] DEBUG o.h.e.t.internal.TransactionImpl - rolling back
2017-12-21 19:55:04 [main] DEBUG o.h.e.j.internal.JdbcCoordinatorImpl - HHH000420: Closing un-released batch
2017-12-21 19:55:04 [main] DEBUG o.h.e.t.internal.TransactionImpl - begin
2017-12-21 19:55:04 [main] DEBUG org.hibernate.SQL - select user0_.username as username1_2_, user0_.name as name2_2_, user0_.password as password3_2_ from user user0_ where user0_.username=?
2017-12-21 19:55:04 [main] DEBUG org.hibernate.SQL - select circle0_.circleName as circleNa1_0_, circle0_.createdDate as createdD2_0_, circle0_.creatorId as creatorI3_0_ from circle circle0_ where circle0_.circleName=?
2017-12-21 19:55:04 [main] DEBUG o.h.e.i.AbstractSaveEventListener - Generated identifier: john, using strategy: org.hibernate.id.Assigned
2017-12-21 19:55:04 [main] DEBUG o.h.e.i.AbstractFlushingEventListener - Processing flush-time cascades
2017-12-21 19:55:04 [main] DEBUG o.h.e.i.AbstractFlushingEventListener - Dirty checking collections
2017-12-21 19:55:04 [main] DEBUG o.h.e.i.AbstractFlushingEventListener - Flushed: 1 insertions, 0 updates, 0 deletions to 1 objects
2017-12-21 19:55:04 [main] DEBUG o.h.e.i.AbstractFlushingEventListener - Flushed: 0 (re)creations, 0 updates, 0 removals to 0 collections
2017-12-21 19:55:04 [main] DEBUG o.h.internal.util.EntityPrinter - Listing entities:
2017-12-21 19:55:04 [main] DEBUG o.h.internal.util.EntityPrinter - com.stackroute.activitystream.model.User{password=password, name=John, username=john}
2017-12-21 19:55:04 [main] DEBUG org.hibernate.SQL - insert into user (name, password, username) values (?, ?, ?)
2017-12-21 19:55:04 [main] DEBUG o.h.e.i.AbstractFlushingEventListener - Processing flush-time cascades
2017-12-21 19:55:04 [main] DEBUG o.h.e.i.AbstractFlushingEventListener - Dirty checking collections
2017-12-21 19:55:04 [main] DEBUG o.h.e.i.AbstractFlushingEventListener - Flushed: 0 insertions, 0 updates, 0 deletions to 1 objects
2017-12-21 19:55:04 [main] DEBUG o.h.e.i.AbstractFlushingEventListener - Flushed: 0 (re)creations, 0 updates, 0 removals to 0 collections
2017-12-21 19:55:04 [main] DEBUG o.h.internal.util.EntityPrinter - Listing entities:
2017-12-21 19:55:04 [main] DEBUG o.h.internal.util.EntityPrinter - com.stackroute.activitystream.model.User{password=password, name=John, username=john}
2017-12-21 19:55:04 [main] DEBUG org.hibernate.SQL - select user0_.username as username1_2_, user0_.name as name2_2_, user0_.password as password3_2_ from user user0_ where user0_.username=?
2017-12-21 19:55:05 [main] DEBUG org.hibernate.loader.Loader - Result set row: 0
2017-12-21 19:55:05 [main] DEBUG org.hibernate.loader.Loader - Result row: EntityKey[com.stackroute.activitystream.model.User#john]
2017-12-21 19:55:05 [main] DEBUG o.h.e.i.AbstractFlushingEventListener - Processing flush-time cascades
2017-12-21 19:55:05 [main] DEBUG o.h.e.i.AbstractFlushingEventListener - Dirty checking collections
2017-12-21 19:55:05 [main] DEBUG o.h.e.i.AbstractFlushingEventListener - Flushed: 0 insertions, 0 updates, 0 deletions to 1 objects
2017-12-21 19:55:05 [main] DEBUG o.h.e.i.AbstractFlushingEventListener - Flushed: 0 (re)creations, 0 updates, 0 removals to 0 collections
2017-12-21 19:55:05 [main] DEBUG o.h.internal.util.EntityPrinter - Listing entities:
2017-12-21 19:55:05 [main] DEBUG o.h.internal.util.EntityPrinter - com.stackroute.activitystream.model.User{password=password, name=John, username=john}
2017-12-21 19:55:05 [main] DEBUG org.hibernate.SQL - select user0_.username as username1_2_, user0_.name as name2_2_, user0_.password as password3_2_ from user user0_ where user0_.username=?
2017-12-21 19:55:05 [main] DEBUG org.hibernate.loader.Loader - Result set row: 0
2017-12-21 19:55:05 [main] DEBUG org.hibernate.loader.Loader - Result row: EntityKey[com.stackroute.activitystream.model.User#john]
2017-12-21 19:55:05 [main] DEBUG o.h.e.i.AbstractSaveEventListener - Generated identifier: Java, using strategy: org.hibernate.id.Assigned
2017-12-21 19:55:05 [main] DEBUG o.h.e.i.AbstractFlushingEventListener - Processing flush-time cascades
2017-12-21 19:55:05 [main] DEBUG o.h.e.i.AbstractFlushingEventListener - Dirty checking collections
2017-12-21 19:55:05 [main] DEBUG o.h.e.i.AbstractFlushingEventListener - Flushed: 1 insertions, 0 updates, 0 deletions to 2 objects
2017-12-21 19:55:05 [main] DEBUG o.h.e.i.AbstractFlushingEventListener - Flushed: 0 (re)creations, 0 updates, 0 removals to 0 collections
2017-12-21 19:55:05 [main] DEBUG o.h.internal.util.EntityPrinter - Listing entities:
2017-12-21 19:55:05 [main] DEBUG o.h.internal.util.EntityPrinter - com.stackroute.activitystream.model.Circle{createdDate=2017-12-21 19:55:04.993, creatorId=John, circleName=Java}
2017-12-21 19:55:05 [main] DEBUG o.h.internal.util.EntityPrinter - com.stackroute.activitystream.model.User{password=password, name=John, username=john}
2017-12-21 19:55:05 [main] DEBUG org.hibernate.SQL - insert into circle (createdDate, creatorId, circleName) values (?, ?, ?)
2017-12-21 19:55:05 [main] DEBUG o.h.e.i.AbstractFlushingEventListener - Processing flush-time cascades
2017-12-21 19:55:05 [main] DEBUG o.h.e.i.AbstractFlushingEventListener - Dirty checking collections
2017-12-21 19:55:05 [main] DEBUG o.h.e.i.AbstractFlushingEventListener - Flushed: 0 insertions, 0 updates, 0 deletions to 2 objects
2017-12-21 19:55:05 [main] DEBUG o.h.e.i.AbstractFlushingEventListener - Flushed: 0 (re)creations, 0 updates, 0 removals to 0 collections
2017-12-21 19:55:05 [main] DEBUG o.h.internal.util.EntityPrinter - Listing entities:
2017-12-21 19:55:05 [main] DEBUG o.h.internal.util.EntityPrinter - com.stackroute.activitystream.model.Circle{createdDate=2017-12-21 19:55:04.993, creatorId=John, circleName=Java}
2017-12-21 19:55:05 [main] DEBUG o.h.internal.util.EntityPrinter - com.stackroute.activitystream.model.User{password=password, name=John, username=john}
2017-12-21 19:55:05 [main] DEBUG org.hibernate.SQL - select user0_.username as username1_2_, user0_.name as name2_2_, user0_.password as password3_2_ from user user0_ where user0_.username=?
2017-12-21 19:55:05 [main] DEBUG org.hibernate.loader.Loader - Result set row: 0
2017-12-21 19:55:05 [main] DEBUG org.hibernate.loader.Loader - Result row: EntityKey[com.stackroute.activitystream.model.User#john]
2017-12-21 19:55:05 [main] DEBUG o.h.e.i.AbstractFlushingEventListener - Processing flush-time cascades
2017-12-21 19:55:05 [main] DEBUG o.h.e.i.AbstractFlushingEventListener - Dirty checking collections
2017-12-21 19:55:05 [main] DEBUG o.h.e.i.AbstractFlushingEventListener - Flushed: 0 insertions, 0 updates, 0 deletions to 2 objects
2017-12-21 19:55:05 [main] DEBUG o.h.e.i.AbstractFlushingEventListener - Flushed: 0 (re)creations, 0 updates, 0 removals to 0 collections
2017-12-21 19:55:05 [main] DEBUG o.h.internal.util.EntityPrinter - Listing entities:
2017-12-21 19:55:05 [main] DEBUG o.h.internal.util.EntityPrinter - com.stackroute.activitystream.model.Circle{createdDate=2017-12-21 19:55:04.993, creatorId=John, circleName=Java}
2017-12-21 19:55:05 [main] DEBUG o.h.internal.util.EntityPrinter - com.stackroute.activitystream.model.User{password=password, name=John, username=john}
2017-12-21 19:55:05 [main] DEBUG org.hibernate.SQL - select user0_.username as username1_2_, user0_.name as name2_2_, user0_.password as password3_2_ from user user0_ where user0_.username=?
2017-12-21 19:55:05 [main] DEBUG org.hibernate.loader.Loader - Result set row: 0
2017-12-21 19:55:05 [main] DEBUG org.hibernate.loader.Loader - Result row: EntityKey[com.stackroute.activitystream.model.User#john]
2017-12-21 19:55:05 [main] DEBUG o.h.e.i.AbstractSaveEventListener - Generated identifier: Java, using strategy: org.hibernate.id.Assigned
2017-12-21 19:55:05 [main] DEBUG org.hibernate.SQL - select circle_.circleName, circle_.createdDate as createdD2_0_, circle_.creatorId as creatorI3_0_ from circle circle_ where circle_.circleName=?
2017-12-21 19:55:05 [main] DEBUG o.h.r.j.i.ResourceRegistryStandardImpl - HHH000387: ResultSet's statement was not registered
2017-12-21 19:55:05 [main] DEBUG o.h.r.t.b.j.i.JdbcResourceLocalTransactionCoordinatorImpl - JDBC transaction marked for rollback-only (exception provided for stack trace)
java.lang.Exception: exception just for purpose of providing stack trace
	at org.hibernate.resource.transaction.backend.jdbc.internal.JdbcResourceLocalTransactionCoordinatorImpl$TransactionDriverControlImpl.markRollbackOnly(JdbcResourceLocalTransactionCoordinatorImpl.java:255)
	at org.hibernate.engine.transaction.internal.TransactionImpl.setRollbackOnly(TransactionImpl.java:143)
	at org.hibernate.Transaction.markRollbackOnly(Transaction.java:68)
	at org.hibernate.internal.AbstractSharedSessionContract.markForRollbackOnly(AbstractSharedSessionContract.java:357)
	at org.hibernate.internal.ExceptionConverterImpl.handlePersistenceException(ExceptionConverterImpl.java:271)
	at org.hibernate.internal.ExceptionConverterImpl.convert(ExceptionConverterImpl.java:117)
	at org.hibernate.internal.ExceptionConverterImpl.convert(ExceptionConverterImpl.java:155)
	at org.hibernate.internal.ExceptionConverterImpl.convert(ExceptionConverterImpl.java:162)
	at org.hibernate.internal.SessionImpl.fireDelete(SessionImpl.java:1002)
	at org.hibernate.internal.SessionImpl.delete(SessionImpl.java:927)
	at com.stackroute.activitystream.daoimpl.CircleDAOImpl.delete(CircleDAOImpl.java:107)
	at sun.reflect.NativeMethodAccessorImpl.invoke0(Native Method)
	at sun.reflect.NativeMethodAccessorImpl.invoke(NativeMethodAccessorImpl.java:62)
	at sun.reflect.DelegatingMethodAccessorImpl.invoke(DelegatingMethodAccessorImpl.java:43)
	at java.lang.reflect.Method.invoke(Method.java:498)
	at org.springframework.aop.support.AopUtils.invokeJoinpointUsingReflection(AopUtils.java:333)
	at org.springframework.aop.framework.ReflectiveMethodInvocation.invokeJoinpoint(ReflectiveMethodInvocation.java:190)
	at org.springframework.aop.framework.ReflectiveMethodInvocation.proceed(ReflectiveMethodInvocation.java:157)
	at org.springframework.transaction.interceptor.TransactionInterceptor$1.proceedWithInvocation(TransactionInterceptor.java:99)
	at org.springframework.transaction.interceptor.TransactionAspectSupport.invokeWithinTransaction(TransactionAspectSupport.java:282)
	at org.springframework.transaction.interceptor.TransactionInterceptor.invoke(TransactionInterceptor.java:96)
	at org.springframework.aop.framework.ReflectiveMethodInvocation.proceed(ReflectiveMethodInvocation.java:179)
	at org.springframework.aop.framework.JdkDynamicAopProxy.invoke(JdkDynamicAopProxy.java:213)
	at com.sun.proxy.$Proxy55.delete(Unknown Source)
	at com.stackroute.activitystream.test.CircleTest.testCreateCircleDuplicateFailure(CircleTest.java:110)
	at sun.reflect.NativeMethodAccessorImpl.invoke0(Native Method)
	at sun.reflect.NativeMethodAccessorImpl.invoke(NativeMethodAccessorImpl.java:62)
	at sun.reflect.DelegatingMethodAccessorImpl.invoke(DelegatingMethodAccessorImpl.java:43)
	at java.lang.reflect.Method.invoke(Method.java:498)
	at org.junit.runners.model.FrameworkMethod$1.runReflectiveCall(FrameworkMethod.java:50)
	at org.junit.internal.runners.model.ReflectiveCallable.run(ReflectiveCallable.java:12)
	at org.junit.runners.model.FrameworkMethod.invokeExplosively(FrameworkMethod.java:47)
	at org.junit.internal.runners.statements.InvokeMethod.evaluate(InvokeMethod.java:17)
	at org.junit.internal.runners.statements.RunBefores.evaluate(RunBefores.java:26)
	at org.springframework.test.context.junit4.statements.RunBeforeTestMethodCallbacks.evaluate(RunBeforeTestMethodCallbacks.java:75)
	at org.junit.internal.runners.statements.RunAfters.evaluate(RunAfters.java:27)
	at org.springframework.test.context.junit4.statements.RunAfterTestMethodCallbacks.evaluate(RunAfterTestMethodCallbacks.java:86)
	at org.springframework.test.context.junit4.statements.SpringRepeat.evaluate(SpringRepeat.java:84)
	at org.junit.runners.ParentRunner.runLeaf(ParentRunner.java:325)
	at org.springframework.test.context.junit4.SpringJUnit4ClassRunner.runChild(SpringJUnit4ClassRunner.java:252)
	at org.springframework.test.context.junit4.SpringJUnit4ClassRunner.runChild(SpringJUnit4ClassRunner.java:94)
	at org.junit.runners.ParentRunner$3.run(ParentRunner.java:290)
	at org.junit.runners.ParentRunner$1.schedule(ParentRunner.java:71)
	at org.junit.runners.ParentRunner.runChildren(ParentRunner.java:288)
	at org.junit.runners.ParentRunner.access$000(ParentRunner.java:58)
	at org.junit.runners.ParentRunner$2.evaluate(ParentRunner.java:268)
	at org.springframework.test.context.junit4.statements.RunBeforeTestClassCallbacks.evaluate(RunBeforeTestClassCallbacks.java:61)
	at org.springframework.test.context.junit4.statements.RunAfterTestClassCallbacks.evaluate(RunAfterTestClassCallbacks.java:70)
	at org.junit.runners.ParentRunner.run(ParentRunner.java:363)
	at org.springframework.test.context.junit4.SpringJUnit4ClassRunner.run(SpringJUnit4ClassRunner.java:191)
	at org.eclipse.jdt.internal.junit4.runner.JUnit4TestReference.run(JUnit4TestReference.java:86)
	at org.eclipse.jdt.internal.junit.runner.TestExecution.run(TestExecution.java:38)
	at org.eclipse.jdt.internal.junit.runner.RemoteTestRunner.runTests(RemoteTestRunner.java:539)
	at org.eclipse.jdt.internal.junit.runner.RemoteTestRunner.runTests(RemoteTestRunner.java:761)
	at org.eclipse.jdt.internal.junit.runner.RemoteTestRunner.run(RemoteTestRunner.java:461)
	at org.eclipse.jdt.internal.junit.runner.RemoteTestRunner.main(RemoteTestRunner.java:207)
2017-12-21 19:55:05 [main] DEBUG o.h.e.i.AbstractFlushingEventListener - Processing flush-time cascades
2017-12-21 19:55:05 [main] DEBUG o.h.e.i.AbstractFlushingEventListener - Dirty checking collections
2017-12-21 19:55:05 [main] DEBUG o.h.e.i.AbstractFlushingEventListener - Flushed: 0 insertions, 0 updates, 0 deletions to 2 objects
2017-12-21 19:55:05 [main] DEBUG o.h.e.i.AbstractFlushingEventListener - Flushed: 0 (re)creations, 0 updates, 0 removals to 0 collections
2017-12-21 19:55:05 [main] DEBUG o.h.internal.util.EntityPrinter - Listing entities:
2017-12-21 19:55:05 [main] DEBUG o.h.internal.util.EntityPrinter - com.stackroute.activitystream.model.Circle{createdDate=2017-12-21 19:55:04.993, creatorId=John, circleName=Java}
2017-12-21 19:55:05 [main] DEBUG o.h.internal.util.EntityPrinter - com.stackroute.activitystream.model.User{password=password, name=John, username=john}
2017-12-21 19:55:05 [main] DEBUG org.hibernate.SQL - select user0_.username as username1_2_, user0_.name as name2_2_, user0_.password as password3_2_ from user user0_ where user0_.username=?
2017-12-21 19:55:05 [main] DEBUG org.hibernate.loader.Loader - Result set row: 0
2017-12-21 19:55:05 [main] DEBUG org.hibernate.loader.Loader - Result row: EntityKey[com.stackroute.activitystream.model.User#john]
2017-12-21 19:55:05 [main] DEBUG o.h.e.i.AbstractFlushingEventListener - Processing flush-time cascades
2017-12-21 19:55:05 [main] DEBUG o.h.e.i.AbstractFlushingEventListener - Dirty checking collections
2017-12-21 19:55:05 [main] DEBUG o.h.e.i.AbstractFlushingEventListener - Flushed: 0 insertions, 0 updates, 0 deletions to 2 objects
2017-12-21 19:55:05 [main] DEBUG o.h.e.i.AbstractFlushingEventListener - Flushed: 0 (re)creations, 0 updates, 0 removals to 0 collections
2017-12-21 19:55:05 [main] DEBUG o.h.internal.util.EntityPrinter - Listing entities:
2017-12-21 19:55:05 [main] DEBUG o.h.internal.util.EntityPrinter - com.stackroute.activitystream.model.Circle{createdDate=2017-12-21 19:55:04.993, creatorId=John, circleName=Java}
2017-12-21 19:55:05 [main] DEBUG o.h.internal.util.EntityPrinter - com.stackroute.activitystream.model.User{password=password, name=John, username=john}
2017-12-21 19:55:05 [main] DEBUG org.hibernate.SQL - select user0_.username as username1_2_, user0_.name as name2_2_, user0_.password as password3_2_ from user user0_ where user0_.username=?
2017-12-21 19:55:05 [main] DEBUG org.hibernate.loader.Loader - Result set row: 0
2017-12-21 19:55:05 [main] DEBUG org.hibernate.loader.Loader - Result row: EntityKey[com.stackroute.activitystream.model.User#john]
2017-12-21 19:55:05 [main] DEBUG o.h.e.i.AbstractFlushingEventListener - Processing flush-time cascades
2017-12-21 19:55:05 [main] DEBUG o.h.e.i.AbstractFlushingEventListener - Dirty checking collections
2017-12-21 19:55:05 [main] DEBUG o.h.e.i.AbstractFlushingEventListener - Flushed: 0 insertions, 0 updates, 0 deletions to 2 objects
2017-12-21 19:55:05 [main] DEBUG o.h.e.i.AbstractFlushingEventListener - Flushed: 0 (re)creations, 0 updates, 0 removals to 0 collections
2017-12-21 19:55:05 [main] DEBUG o.h.internal.util.EntityPrinter - Listing entities:
2017-12-21 19:55:05 [main] DEBUG o.h.internal.util.EntityPrinter - com.stackroute.activitystream.model.Circle{createdDate=2017-12-21 19:55:04.993, creatorId=John, circleName=Java}
2017-12-21 19:55:05 [main] DEBUG o.h.internal.util.EntityPrinter - com.stackroute.activitystream.model.User{password=password, name=John, username=john}
2017-12-21 19:55:05 [main] DEBUG org.hibernate.SQL - select user0_.username as username1_2_, user0_.name as name2_2_, user0_.password as password3_2_ from user user0_ where user0_.username=?
2017-12-21 19:55:05 [main] DEBUG org.hibernate.loader.Loader - Result set row: 0
2017-12-21 19:55:05 [main] DEBUG org.hibernate.loader.Loader - Result row: EntityKey[com.stackroute.activitystream.model.User#john]
2017-12-21 19:55:05 [main] DEBUG o.h.e.i.AbstractFlushingEventListener - Processing flush-time cascades
2017-12-21 19:55:05 [main] DEBUG o.h.e.i.AbstractFlushingEventListener - Dirty checking collections
2017-12-21 19:55:05 [main] DEBUG o.h.e.i.AbstractFlushingEventListener - Flushed: 0 insertions, 0 updates, 0 deletions to 2 objects
2017-12-21 19:55:05 [main] DEBUG o.h.e.i.AbstractFlushingEventListener - Flushed: 0 (re)creations, 0 updates, 0 removals to 0 collections
2017-12-21 19:55:05 [main] DEBUG o.h.internal.util.EntityPrinter - Listing entities:
2017-12-21 19:55:05 [main] DEBUG o.h.internal.util.EntityPrinter - com.stackroute.activitystream.model.Circle{createdDate=2017-12-21 19:55:04.993, creatorId=John, circleName=Java}
2017-12-21 19:55:05 [main] DEBUG o.h.internal.util.EntityPrinter - com.stackroute.activitystream.model.User{password=password, name=John, username=john}
2017-12-21 19:55:05 [main] DEBUG org.hibernate.SQL - select user0_.username as username1_2_, user0_.name as name2_2_, user0_.password as password3_2_ from user user0_ where user0_.username=?
2017-12-21 19:55:05 [main] DEBUG org.hibernate.loader.Loader - Result set row: 0
2017-12-21 19:55:05 [main] DEBUG org.hibernate.loader.Loader - Result row: EntityKey[com.stackroute.activitystream.model.User#john]
2017-12-21 19:55:05 [main] DEBUG o.h.e.i.AbstractFlushingEventListener - Processing flush-time cascades
2017-12-21 19:55:05 [main] DEBUG o.h.e.i.AbstractFlushingEventListener - Dirty checking collections
2017-12-21 19:55:05 [main] DEBUG o.h.e.i.AbstractFlushingEventListener - Flushed: 0 insertions, 0 updates, 1 deletions to 2 objects
2017-12-21 19:55:05 [main] DEBUG o.h.e.i.AbstractFlushingEventListener - Flushed: 0 (re)creations, 0 updates, 0 removals to 0 collections
2017-12-21 19:55:05 [main] DEBUG o.h.internal.util.EntityPrinter - Listing entities:
2017-12-21 19:55:05 [main] DEBUG o.h.internal.util.EntityPrinter - com.stackroute.activitystream.model.Circle{createdDate=2017-12-21 19:55:04.993, creatorId=John, circleName=Java}
2017-12-21 19:55:05 [main] DEBUG o.h.internal.util.EntityPrinter - com.stackroute.activitystream.model.User{password=password, name=John, username=john}
2017-12-21 19:55:05 [main] DEBUG org.hibernate.SQL - delete from user where username=?
2017-12-21 19:55:05 [main] DEBUG o.h.e.i.AbstractFlushingEventListener - Processing flush-time cascades
2017-12-21 19:55:05 [main] DEBUG o.h.e.i.AbstractFlushingEventListener - Dirty checking collections
2017-12-21 19:55:05 [main] DEBUG o.h.e.i.AbstractFlushingEventListener - Flushed: 0 insertions, 0 updates, 0 deletions to 1 objects
2017-12-21 19:55:05 [main] DEBUG o.h.e.i.AbstractFlushingEventListener - Flushed: 0 (re)creations, 0 updates, 0 removals to 0 collections
2017-12-21 19:55:05 [main] DEBUG o.h.internal.util.EntityPrinter - Listing entities:
2017-12-21 19:55:05 [main] DEBUG o.h.internal.util.EntityPrinter - com.stackroute.activitystream.model.Circle{createdDate=2017-12-21 19:55:04.993, creatorId=John, circleName=Java}
